[0.327s] Invoking command in '/mnt/c/users/dell/Desktop/lr_turtlebot_sim1/build/lr_ppo': CMAKE_PREFIX_PATH=/mnt/c/users/dell/Desktop/lr_turtlebot_sim1/install/lr_turtlebot_sim:/mnt/c/users/dell/Desktop/lr_turtlebot_sim1/install/lr_ppo:/opt/ros/jazzy/opt/gz_sim_vendor:/opt/ros/jazzy/opt/gz_sensors_vendor:/opt/ros/jazzy/opt/gz_physics_vendor:/opt/ros/jazzy/opt/sdformat_vendor:/opt/ros/jazzy/opt/gz_gui_vendor:/opt/ros/jazzy/opt/gz_transport_vendor:/opt/ros/jazzy/opt/gz_rendering_vendor:/opt/ros/jazzy/opt/gz_plugin_vendor:/opt/ros/jazzy/opt/gz_fuel_tools_vendor:/opt/ros/jazzy/opt/gz_msgs_vendor:/opt/ros/jazzy/opt/gz_common_vendor:/opt/ros/jazzy/opt/gz_math_vendor:/opt/ros/jazzy/opt/gz_utils_vendor:/opt/ros/jazzy/opt/gz_tools_vendor:/opt/ros/jazzy/opt/gz_ogre_next_vendor:/opt/ros/jazzy/opt/gz_dartsim_vendor:/opt/ros/jazzy/opt/gz_cmake_vendor:/opt/ros/jazzy /usr/bin/cmake --build /mnt/c/users/dell/Desktop/lr_turtlebot_sim1/build/lr_ppo -- -j20 -l20
[0.914s] Built target ament_cmake_python_copy_lr_ppo
[1.574s] running egg_info
[1.595s] writing lr_ppo.egg-info/PKG-INFO
[1.603s] writing dependency_links to lr_ppo.egg-info/dependency_links.txt
[1.618s] writing top-level names to lr_ppo.egg-info/top_level.txt
[1.727s] reading manifest file 'lr_ppo.egg-info/SOURCES.txt'
[1.790s] writing manifest file 'lr_ppo.egg-info/SOURCES.txt'
[1.814s] Built target ament_cmake_python_build_lr_ppo_egg
[1.826s] Invoked command in '/mnt/c/users/dell/Desktop/lr_turtlebot_sim1/build/lr_ppo' returned '0': CMAKE_PREFIX_PATH=/mnt/c/users/dell/Desktop/lr_turtlebot_sim1/install/lr_turtlebot_sim:/mnt/c/users/dell/Desktop/lr_turtlebot_sim1/install/lr_ppo:/opt/ros/jazzy/opt/gz_sim_vendor:/opt/ros/jazzy/opt/gz_sensors_vendor:/opt/ros/jazzy/opt/gz_physics_vendor:/opt/ros/jazzy/opt/sdformat_vendor:/opt/ros/jazzy/opt/gz_gui_vendor:/opt/ros/jazzy/opt/gz_transport_vendor:/opt/ros/jazzy/opt/gz_rendering_vendor:/opt/ros/jazzy/opt/gz_plugin_vendor:/opt/ros/jazzy/opt/gz_fuel_tools_vendor:/opt/ros/jazzy/opt/gz_msgs_vendor:/opt/ros/jazzy/opt/gz_common_vendor:/opt/ros/jazzy/opt/gz_math_vendor:/opt/ros/jazzy/opt/gz_utils_vendor:/opt/ros/jazzy/opt/gz_tools_vendor:/opt/ros/jazzy/opt/gz_ogre_next_vendor:/opt/ros/jazzy/opt/gz_dartsim_vendor:/opt/ros/jazzy/opt/gz_cmake_vendor:/opt/ros/jazzy /usr/bin/cmake --build /mnt/c/users/dell/Desktop/lr_turtlebot_sim1/build/lr_ppo -- -j20 -l20
[1.867s] Invoking command in '/mnt/c/users/dell/Desktop/lr_turtlebot_sim1/build/lr_ppo': CMAKE_PREFIX_PATH=/mnt/c/users/dell/Desktop/lr_turtlebot_sim1/install/lr_turtlebot_sim:/mnt/c/users/dell/Desktop/lr_turtlebot_sim1/install/lr_ppo:/opt/ros/jazzy/opt/gz_sim_vendor:/opt/ros/jazzy/opt/gz_sensors_vendor:/opt/ros/jazzy/opt/gz_physics_vendor:/opt/ros/jazzy/opt/sdformat_vendor:/opt/ros/jazzy/opt/gz_gui_vendor:/opt/ros/jazzy/opt/gz_transport_vendor:/opt/ros/jazzy/opt/gz_rendering_vendor:/opt/ros/jazzy/opt/gz_plugin_vendor:/opt/ros/jazzy/opt/gz_fuel_tools_vendor:/opt/ros/jazzy/opt/gz_msgs_vendor:/opt/ros/jazzy/opt/gz_common_vendor:/opt/ros/jazzy/opt/gz_math_vendor:/opt/ros/jazzy/opt/gz_utils_vendor:/opt/ros/jazzy/opt/gz_tools_vendor:/opt/ros/jazzy/opt/gz_ogre_next_vendor:/opt/ros/jazzy/opt/gz_dartsim_vendor:/opt/ros/jazzy/opt/gz_cmake_vendor:/opt/ros/jazzy /usr/bin/cmake --install /mnt/c/users/dell/Desktop/lr_turtlebot_sim1/build/lr_ppo
[1.883s] -- Install configuration: ""
[1.916s] -- Up-to-date: /mnt/c/users/dell/Desktop/lr_turtlebot_sim1/install/lr_ppo/share/lr_ppo/environment/pythonpath.sh
[1.956s] -- Up-to-date: /mnt/c/users/dell/Desktop/lr_turtlebot_sim1/install/lr_ppo/share/lr_ppo/environment/pythonpath.dsv
[2.014s] -- Up-to-date: /mnt/c/users/dell/Desktop/lr_turtlebot_sim1/install/lr_ppo/lib/python3.12/site-packages/lr_ppo-1.0.0-py3.12.egg-info
[2.067s] -- Installing: /mnt/c/users/dell/Desktop/lr_turtlebot_sim1/install/lr_ppo/lib/python3.12/site-packages/lr_ppo-1.0.0-py3.12.egg-info/dependency_links.txt
[2.242s] -- Installing: /mnt/c/users/dell/Desktop/lr_turtlebot_sim1/install/lr_ppo/lib/python3.12/site-packages/lr_ppo-1.0.0-py3.12.egg-info/PKG-INFO
[2.386s] -- Installing: /mnt/c/users/dell/Desktop/lr_turtlebot_sim1/install/lr_ppo/lib/python3.12/site-packages/lr_ppo-1.0.0-py3.12.egg-info/SOURCES.txt
[2.592s] -- Installing: /mnt/c/users/dell/Desktop/lr_turtlebot_sim1/install/lr_ppo/lib/python3.12/site-packages/lr_ppo-1.0.0-py3.12.egg-info/top_level.txt
[2.752s] -- Up-to-date: /mnt/c/users/dell/Desktop/lr_turtlebot_sim1/install/lr_ppo/lib/python3.12/site-packages/lr_ppo
[2.817s] -- Up-to-date: /mnt/c/users/dell/Desktop/lr_turtlebot_sim1/install/lr_ppo/lib/python3.12/site-packages/lr_ppo/environment.py
[2.860s] -- Up-to-date: /mnt/c/users/dell/Desktop/lr_turtlebot_sim1/install/lr_ppo/lib/python3.12/site-packages/lr_ppo/networks.py
[2.903s] -- Up-to-date: /mnt/c/users/dell/Desktop/lr_turtlebot_sim1/install/lr_ppo/lib/python3.12/site-packages/lr_ppo/ppo_agent.py
[2.947s] -- Up-to-date: /mnt/c/users/dell/Desktop/lr_turtlebot_sim1/install/lr_ppo/lib/python3.12/site-packages/lr_ppo/utils.py
[2.985s] -- Up-to-date: /mnt/c/users/dell/Desktop/lr_turtlebot_sim1/install/lr_ppo/lib/python3.12/site-packages/lr_ppo/__init__.py
[3.467s] Listing '/mnt/c/users/dell/Desktop/lr_turtlebot_sim1/install/lr_ppo/lib/python3.12/site-packages/lr_ppo'...
[3.510s] -- Up-to-date: /mnt/c/users/dell/Desktop/lr_turtlebot_sim1/install/lr_ppo/lib/lr_ppo/train_rosi.py
[3.548s] -- Up-to-date: /mnt/c/users/dell/Desktop/lr_turtlebot_sim1/install/lr_ppo/lib/lr_ppo/evaluate_rosi.py
[3.587s] -- Up-to-date: /mnt/c/users/dell/Desktop/lr_turtlebot_sim1/install/lr_ppo/lib/lr_ppo/test_environment.py
[3.619s] -- Up-to-date: /mnt/c/users/dell/Desktop/lr_turtlebot_sim1/install/lr_ppo/share/lr_ppo/launch
[3.663s] -- Up-to-date: /mnt/c/users/dell/Desktop/lr_turtlebot_sim1/install/lr_ppo/share/lr_ppo/launch/evaluate.launch.py
[3.700s] -- Up-to-date: /mnt/c/users/dell/Desktop/lr_turtlebot_sim1/install/lr_ppo/share/lr_ppo/launch/train.launch.py
[3.731s] -- Up-to-date: /mnt/c/users/dell/Desktop/lr_turtlebot_sim1/install/lr_ppo/share/lr_ppo/config
[3.777s] -- Up-to-date: /mnt/c/users/dell/Desktop/lr_turtlebot_sim1/install/lr_ppo/share/lr_ppo/config/training_config.yaml
[3.806s] -- Up-to-date: /mnt/c/users/dell/Desktop/lr_turtlebot_sim1/install/lr_ppo/share/lr_ppo/models
[3.866s] -- Up-to-date: /mnt/c/users/dell/Desktop/lr_turtlebot_sim1/install/lr_ppo/share/lr_ppo/models/README.md
[3.921s] -- Up-to-date: /mnt/c/users/dell/Desktop/lr_turtlebot_sim1/install/lr_ppo/share/ament_index/resource_index/package_run_dependencies/lr_ppo
[3.960s] -- Up-to-date: /mnt/c/users/dell/Desktop/lr_turtlebot_sim1/install/lr_ppo/share/ament_index/resource_index/parent_prefix_path/lr_ppo
[3.978s] -- Up-to-date: /mnt/c/users/dell/Desktop/lr_turtlebot_sim1/install/lr_ppo/share/lr_ppo/environment/ament_prefix_path.sh
[4.013s] -- Up-to-date: /mnt/c/users/dell/Desktop/lr_turtlebot_sim1/install/lr_ppo/share/lr_ppo/environment/ament_prefix_path.dsv
[4.041s] -- Up-to-date: /mnt/c/users/dell/Desktop/lr_turtlebot_sim1/install/lr_ppo/share/lr_ppo/environment/path.sh
[4.077s] -- Up-to-date: /mnt/c/users/dell/Desktop/lr_turtlebot_sim1/install/lr_ppo/share/lr_ppo/environment/path.dsv
[4.121s] -- Up-to-date: /mnt/c/users/dell/Desktop/lr_turtlebot_sim1/install/lr_ppo/share/lr_ppo/local_setup.bash
[4.163s] -- Up-to-date: /mnt/c/users/dell/Desktop/lr_turtlebot_sim1/install/lr_ppo/share/lr_ppo/local_setup.sh
[4.198s] -- Up-to-date: /mnt/c/users/dell/Desktop/lr_turtlebot_sim1/install/lr_ppo/share/lr_ppo/local_setup.zsh
[4.236s] -- Up-to-date: /mnt/c/users/dell/Desktop/lr_turtlebot_sim1/install/lr_ppo/share/lr_ppo/local_setup.dsv
[4.276s] -- Installing: /mnt/c/users/dell/Desktop/lr_turtlebot_sim1/install/lr_ppo/share/lr_ppo/package.dsv
[4.452s] -- Up-to-date: /mnt/c/users/dell/Desktop/lr_turtlebot_sim1/install/lr_ppo/share/ament_index/resource_index/packages/lr_ppo
[4.507s] -- Up-to-date: /mnt/c/users/dell/Desktop/lr_turtlebot_sim1/install/lr_ppo/share/lr_ppo/cmake/lr_ppoConfig.cmake
[4.545s] -- Up-to-date: /mnt/c/users/dell/Desktop/lr_turtlebot_sim1/install/lr_ppo/share/lr_ppo/cmake/lr_ppoConfig-version.cmake
[4.586s] -- Up-to-date: /mnt/c/users/dell/Desktop/lr_turtlebot_sim1/install/lr_ppo/share/lr_ppo/package.xml
[4.607s] Invoked command in '/mnt/c/users/dell/Desktop/lr_turtlebot_sim1/build/lr_ppo' returned '0': CMAKE_PREFIX_PATH=/mnt/c/users/dell/Desktop/lr_turtlebot_sim1/install/lr_turtlebot_sim:/mnt/c/users/dell/Desktop/lr_turtlebot_sim1/install/lr_ppo:/opt/ros/jazzy/opt/gz_sim_vendor:/opt/ros/jazzy/opt/gz_sensors_vendor:/opt/ros/jazzy/opt/gz_physics_vendor:/opt/ros/jazzy/opt/sdformat_vendor:/opt/ros/jazzy/opt/gz_gui_vendor:/opt/ros/jazzy/opt/gz_transport_vendor:/opt/ros/jazzy/opt/gz_rendering_vendor:/opt/ros/jazzy/opt/gz_plugin_vendor:/opt/ros/jazzy/opt/gz_fuel_tools_vendor:/opt/ros/jazzy/opt/gz_msgs_vendor:/opt/ros/jazzy/opt/gz_common_vendor:/opt/ros/jazzy/opt/gz_math_vendor:/opt/ros/jazzy/opt/gz_utils_vendor:/opt/ros/jazzy/opt/gz_tools_vendor:/opt/ros/jazzy/opt/gz_ogre_next_vendor:/opt/ros/jazzy/opt/gz_dartsim_vendor:/opt/ros/jazzy/opt/gz_cmake_vendor:/opt/ros/jazzy /usr/bin/cmake --install /mnt/c/users/dell/Desktop/lr_turtlebot_sim1/build/lr_ppo
