[0.347s] Invoking command in '/mnt/c/users/dell/Desktop/lr_turtlebot_sim1/build/lr_ppo': CMAKE_PREFIX_PATH=/mnt/c/users/dell/Desktop/lr_turtlebot_sim1/install/lr_turtlebot_sim:/mnt/c/users/dell/Desktop/lr_turtlebot_sim1/install/lr_ppo:/opt/ros/jazzy/opt/gz_sim_vendor:/opt/ros/jazzy/opt/gz_sensors_vendor:/opt/ros/jazzy/opt/gz_physics_vendor:/opt/ros/jazzy/opt/sdformat_vendor:/opt/ros/jazzy/opt/gz_gui_vendor:/opt/ros/jazzy/opt/gz_transport_vendor:/opt/ros/jazzy/opt/gz_rendering_vendor:/opt/ros/jazzy/opt/gz_plugin_vendor:/opt/ros/jazzy/opt/gz_fuel_tools_vendor:/opt/ros/jazzy/opt/gz_msgs_vendor:/opt/ros/jazzy/opt/gz_common_vendor:/opt/ros/jazzy/opt/gz_math_vendor:/opt/ros/jazzy/opt/gz_utils_vendor:/opt/ros/jazzy/opt/gz_tools_vendor:/opt/ros/jazzy/opt/gz_ogre_next_vendor:/opt/ros/jazzy/opt/gz_dartsim_vendor:/opt/ros/jazzy/opt/gz_cmake_vendor:/opt/ros/jazzy /usr/bin/cmake --build /mnt/c/users/dell/Desktop/lr_turtlebot_sim1/build/lr_ppo -- -j20 -l20
[0.994s] Built target ament_cmake_python_copy_lr_ppo
[1.682s] running egg_info
[1.717s] writing lr_ppo.egg-info/PKG-INFO
[1.724s] writing dependency_links to lr_ppo.egg-info/dependency_links.txt
[1.733s] writing top-level names to lr_ppo.egg-info/top_level.txt
[1.847s] reading manifest file 'lr_ppo.egg-info/SOURCES.txt'
[1.917s] writing manifest file 'lr_ppo.egg-info/SOURCES.txt'
[1.949s] Built target ament_cmake_python_build_lr_ppo_egg
[1.961s] Invoked command in '/mnt/c/users/dell/Desktop/lr_turtlebot_sim1/build/lr_ppo' returned '0': CMAKE_PREFIX_PATH=/mnt/c/users/dell/Desktop/lr_turtlebot_sim1/install/lr_turtlebot_sim:/mnt/c/users/dell/Desktop/lr_turtlebot_sim1/install/lr_ppo:/opt/ros/jazzy/opt/gz_sim_vendor:/opt/ros/jazzy/opt/gz_sensors_vendor:/opt/ros/jazzy/opt/gz_physics_vendor:/opt/ros/jazzy/opt/sdformat_vendor:/opt/ros/jazzy/opt/gz_gui_vendor:/opt/ros/jazzy/opt/gz_transport_vendor:/opt/ros/jazzy/opt/gz_rendering_vendor:/opt/ros/jazzy/opt/gz_plugin_vendor:/opt/ros/jazzy/opt/gz_fuel_tools_vendor:/opt/ros/jazzy/opt/gz_msgs_vendor:/opt/ros/jazzy/opt/gz_common_vendor:/opt/ros/jazzy/opt/gz_math_vendor:/opt/ros/jazzy/opt/gz_utils_vendor:/opt/ros/jazzy/opt/gz_tools_vendor:/opt/ros/jazzy/opt/gz_ogre_next_vendor:/opt/ros/jazzy/opt/gz_dartsim_vendor:/opt/ros/jazzy/opt/gz_cmake_vendor:/opt/ros/jazzy /usr/bin/cmake --build /mnt/c/users/dell/Desktop/lr_turtlebot_sim1/build/lr_ppo -- -j20 -l20
[2.006s] Invoking command in '/mnt/c/users/dell/Desktop/lr_turtlebot_sim1/build/lr_ppo': CMAKE_PREFIX_PATH=/mnt/c/users/dell/Desktop/lr_turtlebot_sim1/install/lr_turtlebot_sim:/mnt/c/users/dell/Desktop/lr_turtlebot_sim1/install/lr_ppo:/opt/ros/jazzy/opt/gz_sim_vendor:/opt/ros/jazzy/opt/gz_sensors_vendor:/opt/ros/jazzy/opt/gz_physics_vendor:/opt/ros/jazzy/opt/sdformat_vendor:/opt/ros/jazzy/opt/gz_gui_vendor:/opt/ros/jazzy/opt/gz_transport_vendor:/opt/ros/jazzy/opt/gz_rendering_vendor:/opt/ros/jazzy/opt/gz_plugin_vendor:/opt/ros/jazzy/opt/gz_fuel_tools_vendor:/opt/ros/jazzy/opt/gz_msgs_vendor:/opt/ros/jazzy/opt/gz_common_vendor:/opt/ros/jazzy/opt/gz_math_vendor:/opt/ros/jazzy/opt/gz_utils_vendor:/opt/ros/jazzy/opt/gz_tools_vendor:/opt/ros/jazzy/opt/gz_ogre_next_vendor:/opt/ros/jazzy/opt/gz_dartsim_vendor:/opt/ros/jazzy/opt/gz_cmake_vendor:/opt/ros/jazzy /usr/bin/cmake --install /mnt/c/users/dell/Desktop/lr_turtlebot_sim1/build/lr_ppo
[2.021s] -- Install configuration: ""
[2.066s] -- Up-to-date: /mnt/c/users/dell/Desktop/lr_turtlebot_sim1/install/lr_ppo/share/lr_ppo/environment/pythonpath.sh
[2.106s] -- Up-to-date: /mnt/c/users/dell/Desktop/lr_turtlebot_sim1/install/lr_ppo/share/lr_ppo/environment/pythonpath.dsv
[2.141s] -- Up-to-date: /mnt/c/users/dell/Desktop/lr_turtlebot_sim1/install/lr_ppo/lib/python3.12/site-packages/lr_ppo-1.0.0-py3.12.egg-info
[2.201s] -- Installing: /mnt/c/users/dell/Desktop/lr_turtlebot_sim1/install/lr_ppo/lib/python3.12/site-packages/lr_ppo-1.0.0-py3.12.egg-info/dependency_links.txt
[2.390s] -- Installing: /mnt/c/users/dell/Desktop/lr_turtlebot_sim1/install/lr_ppo/lib/python3.12/site-packages/lr_ppo-1.0.0-py3.12.egg-info/PKG-INFO
[2.551s] -- Installing: /mnt/c/users/dell/Desktop/lr_turtlebot_sim1/install/lr_ppo/lib/python3.12/site-packages/lr_ppo-1.0.0-py3.12.egg-info/SOURCES.txt
[2.725s] -- Installing: /mnt/c/users/dell/Desktop/lr_turtlebot_sim1/install/lr_ppo/lib/python3.12/site-packages/lr_ppo-1.0.0-py3.12.egg-info/top_level.txt
[2.948s] -- Up-to-date: /mnt/c/users/dell/Desktop/lr_turtlebot_sim1/install/lr_ppo/lib/python3.12/site-packages/lr_ppo
[3.006s] -- Installing: /mnt/c/users/dell/Desktop/lr_turtlebot_sim1/install/lr_ppo/lib/python3.12/site-packages/lr_ppo/environment.py
[3.161s] -- Up-to-date: /mnt/c/users/dell/Desktop/lr_turtlebot_sim1/install/lr_ppo/lib/python3.12/site-packages/lr_ppo/networks.py
[3.205s] -- Up-to-date: /mnt/c/users/dell/Desktop/lr_turtlebot_sim1/install/lr_ppo/lib/python3.12/site-packages/lr_ppo/ppo_agent.py
[3.249s] -- Up-to-date: /mnt/c/users/dell/Desktop/lr_turtlebot_sim1/install/lr_ppo/lib/python3.12/site-packages/lr_ppo/utils.py
[3.293s] -- Up-to-date: /mnt/c/users/dell/Desktop/lr_turtlebot_sim1/install/lr_ppo/lib/python3.12/site-packages/lr_ppo/__init__.py
[3.820s] Listing '/mnt/c/users/dell/Desktop/lr_turtlebot_sim1/install/lr_ppo/lib/python3.12/site-packages/lr_ppo'...
[3.821s] Compiling '/mnt/c/users/dell/Desktop/lr_turtlebot_sim1/install/lr_ppo/lib/python3.12/site-packages/lr_ppo/environment.py'...
[3.854s] -- Installing: /mnt/c/users/dell/Desktop/lr_turtlebot_sim1/install/lr_ppo/lib/lr_ppo/train_rosi.py
[3.996s] -- Up-to-date: /mnt/c/users/dell/Desktop/lr_turtlebot_sim1/install/lr_ppo/lib/lr_ppo/evaluate_rosi.py
[4.038s] -- Up-to-date: /mnt/c/users/dell/Desktop/lr_turtlebot_sim1/install/lr_ppo/lib/lr_ppo/test_environment.py
[4.068s] -- Up-to-date: /mnt/c/users/dell/Desktop/lr_turtlebot_sim1/install/lr_ppo/share/lr_ppo/launch
[4.101s] -- Up-to-date: /mnt/c/users/dell/Desktop/lr_turtlebot_sim1/install/lr_ppo/share/lr_ppo/launch/evaluate.launch.py
[4.123s] -- Up-to-date: /mnt/c/users/dell/Desktop/lr_turtlebot_sim1/install/lr_ppo/share/lr_ppo/launch/train.launch.py
[4.141s] -- Up-to-date: /mnt/c/users/dell/Desktop/lr_turtlebot_sim1/install/lr_ppo/share/lr_ppo/config
[4.168s] -- Up-to-date: /mnt/c/users/dell/Desktop/lr_turtlebot_sim1/install/lr_ppo/share/lr_ppo/config/training_config.yaml
[4.188s] -- Up-to-date: /mnt/c/users/dell/Desktop/lr_turtlebot_sim1/install/lr_ppo/share/lr_ppo/models
[4.233s] -- Up-to-date: /mnt/c/users/dell/Desktop/lr_turtlebot_sim1/install/lr_ppo/share/lr_ppo/models/README.md
[4.281s] -- Up-to-date: /mnt/c/users/dell/Desktop/lr_turtlebot_sim1/install/lr_ppo/share/ament_index/resource_index/package_run_dependencies/lr_ppo
[4.353s] -- Up-to-date: /mnt/c/users/dell/Desktop/lr_turtlebot_sim1/install/lr_ppo/share/ament_index/resource_index/parent_prefix_path/lr_ppo
[4.387s] -- Up-to-date: /mnt/c/users/dell/Desktop/lr_turtlebot_sim1/install/lr_ppo/share/lr_ppo/environment/ament_prefix_path.sh
[4.430s] -- Up-to-date: /mnt/c/users/dell/Desktop/lr_turtlebot_sim1/install/lr_ppo/share/lr_ppo/environment/ament_prefix_path.dsv
[4.463s] -- Up-to-date: /mnt/c/users/dell/Desktop/lr_turtlebot_sim1/install/lr_ppo/share/lr_ppo/environment/path.sh
[4.507s] -- Up-to-date: /mnt/c/users/dell/Desktop/lr_turtlebot_sim1/install/lr_ppo/share/lr_ppo/environment/path.dsv
[4.552s] -- Up-to-date: /mnt/c/users/dell/Desktop/lr_turtlebot_sim1/install/lr_ppo/share/lr_ppo/local_setup.bash
[4.594s] -- Up-to-date: /mnt/c/users/dell/Desktop/lr_turtlebot_sim1/install/lr_ppo/share/lr_ppo/local_setup.sh
[4.637s] -- Up-to-date: /mnt/c/users/dell/Desktop/lr_turtlebot_sim1/install/lr_ppo/share/lr_ppo/local_setup.zsh
[4.676s] -- Up-to-date: /mnt/c/users/dell/Desktop/lr_turtlebot_sim1/install/lr_ppo/share/lr_ppo/local_setup.dsv
[4.715s] -- Installing: /mnt/c/users/dell/Desktop/lr_turtlebot_sim1/install/lr_ppo/share/lr_ppo/package.dsv
[4.883s] -- Up-to-date: /mnt/c/users/dell/Desktop/lr_turtlebot_sim1/install/lr_ppo/share/ament_index/resource_index/packages/lr_ppo
[4.929s] -- Up-to-date: /mnt/c/users/dell/Desktop/lr_turtlebot_sim1/install/lr_ppo/share/lr_ppo/cmake/lr_ppoConfig.cmake
[4.967s] -- Up-to-date: /mnt/c/users/dell/Desktop/lr_turtlebot_sim1/install/lr_ppo/share/lr_ppo/cmake/lr_ppoConfig-version.cmake
[5.005s] -- Up-to-date: /mnt/c/users/dell/Desktop/lr_turtlebot_sim1/install/lr_ppo/share/lr_ppo/package.xml
[5.025s] Invoked command in '/mnt/c/users/dell/Desktop/lr_turtlebot_sim1/build/lr_ppo' returned '0': CMAKE_PREFIX_PATH=/mnt/c/users/dell/Desktop/lr_turtlebot_sim1/install/lr_turtlebot_sim:/mnt/c/users/dell/Desktop/lr_turtlebot_sim1/install/lr_ppo:/opt/ros/jazzy/opt/gz_sim_vendor:/opt/ros/jazzy/opt/gz_sensors_vendor:/opt/ros/jazzy/opt/gz_physics_vendor:/opt/ros/jazzy/opt/sdformat_vendor:/opt/ros/jazzy/opt/gz_gui_vendor:/opt/ros/jazzy/opt/gz_transport_vendor:/opt/ros/jazzy/opt/gz_rendering_vendor:/opt/ros/jazzy/opt/gz_plugin_vendor:/opt/ros/jazzy/opt/gz_fuel_tools_vendor:/opt/ros/jazzy/opt/gz_msgs_vendor:/opt/ros/jazzy/opt/gz_common_vendor:/opt/ros/jazzy/opt/gz_math_vendor:/opt/ros/jazzy/opt/gz_utils_vendor:/opt/ros/jazzy/opt/gz_tools_vendor:/opt/ros/jazzy/opt/gz_ogre_next_vendor:/opt/ros/jazzy/opt/gz_dartsim_vendor:/opt/ros/jazzy/opt/gz_cmake_vendor:/opt/ros/jazzy /usr/bin/cmake --install /mnt/c/users/dell/Desktop/lr_turtlebot_sim1/build/lr_ppo
