[0.136s] Invoking command in '/mnt/c/users/dell/Desktop/lr_turtlebot_sim1/build/lr_turtlebot_sim': CMAKE_PREFIX_PATH=${CMAKE_PREFIX_PATH}:/opt/ros/jazzy /usr/bin/cmake --build /mnt/c/users/dell/Desktop/lr_turtlebot_sim1/build/lr_turtlebot_sim -- -j20 -l20
[0.297s] Invoked command in '/mnt/c/users/dell/Desktop/lr_turtlebot_sim1/build/lr_turtlebot_sim' returned '0': CMAKE_PREFIX_PATH=${CMAKE_PREFIX_PATH}:/opt/ros/jazzy /usr/bin/cmake --build /mnt/c/users/dell/Desktop/lr_turtlebot_sim1/build/lr_turtlebot_sim -- -j20 -l20
[0.348s] Invoking command in '/mnt/c/users/dell/Desktop/lr_turtlebot_sim1/build/lr_turtlebot_sim': CMAKE_PREFIX_PATH=${CMAKE_PREFIX_PATH}:/opt/ros/jazzy /usr/bin/cmake --install /mnt/c/users/dell/Desktop/lr_turtlebot_sim1/build/lr_turtlebot_sim
[0.367s] -- Install configuration: ""
[0.392s] -- Up-to-date: /mnt/c/users/dell/Desktop/lr_turtlebot_sim1/install/lr_turtlebot_sim/share/lr_turtlebot_sim//launch
[0.446s] -- Up-to-date: /mnt/c/users/dell/Desktop/lr_turtlebot_sim1/install/lr_turtlebot_sim/share/lr_turtlebot_sim//launch/maze_1.launch.py
[0.491s] -- Up-to-date: /mnt/c/users/dell/Desktop/lr_turtlebot_sim1/install/lr_turtlebot_sim/share/lr_turtlebot_sim//launch/maze_2.launch.py
[0.542s] -- Up-to-date: /mnt/c/users/dell/Desktop/lr_turtlebot_sim1/install/lr_turtlebot_sim/share/lr_turtlebot_sim//launch/maze_3.launch.py
[0.599s] -- Up-to-date: /mnt/c/users/dell/Desktop/lr_turtlebot_sim1/install/lr_turtlebot_sim/share/lr_turtlebot_sim//launch/robot_state_publisher.launch.py
[0.650s] -- Up-to-date: /mnt/c/users/dell/Desktop/lr_turtlebot_sim1/install/lr_turtlebot_sim/share/lr_turtlebot_sim//launch/spawn_turtlebot3.launch.py
[0.698s] -- Up-to-date: /mnt/c/users/dell/Desktop/lr_turtlebot_sim1/install/lr_turtlebot_sim/share/lr_turtlebot_sim//launch/turtlebot_in_maze.launch.py
[0.732s] -- Up-to-date: /mnt/c/users/dell/Desktop/lr_turtlebot_sim1/install/lr_turtlebot_sim/share/lr_turtlebot_sim//models
[0.795s] -- Up-to-date: /mnt/c/users/dell/Desktop/lr_turtlebot_sim1/install/lr_turtlebot_sim/share/lr_turtlebot_sim//models/turtlebot3_burger
[0.870s] -- Up-to-date: /mnt/c/users/dell/Desktop/lr_turtlebot_sim1/install/lr_turtlebot_sim/share/lr_turtlebot_sim//models/turtlebot3_burger/model-1_4.sdf
[0.926s] -- Up-to-date: /mnt/c/users/dell/Desktop/lr_turtlebot_sim1/install/lr_turtlebot_sim/share/lr_turtlebot_sim//models/turtlebot3_burger/model.config
[0.968s] -- Installing: /mnt/c/users/dell/Desktop/lr_turtlebot_sim1/install/lr_turtlebot_sim/share/lr_turtlebot_sim//models/turtlebot3_burger/model.sdf
[1.135s] -- Up-to-date: /mnt/c/users/dell/Desktop/lr_turtlebot_sim1/install/lr_turtlebot_sim/share/lr_turtlebot_sim//models/turtlebot3_burger_cam
[1.204s] -- Up-to-date: /mnt/c/users/dell/Desktop/lr_turtlebot_sim1/install/lr_turtlebot_sim/share/lr_turtlebot_sim//models/turtlebot3_burger_cam/model-1_4.sdf
[1.248s] -- Up-to-date: /mnt/c/users/dell/Desktop/lr_turtlebot_sim1/install/lr_turtlebot_sim/share/lr_turtlebot_sim//models/turtlebot3_burger_cam/model.config
[1.300s] -- Up-to-date: /mnt/c/users/dell/Desktop/lr_turtlebot_sim1/install/lr_turtlebot_sim/share/lr_turtlebot_sim//models/turtlebot3_burger_cam/model.sdf
[1.354s] -- Up-to-date: /mnt/c/users/dell/Desktop/lr_turtlebot_sim1/install/lr_turtlebot_sim/share/lr_turtlebot_sim//models/turtlebot3_common
[1.424s] -- Up-to-date: /mnt/c/users/dell/Desktop/lr_turtlebot_sim1/install/lr_turtlebot_sim/share/lr_turtlebot_sim//models/turtlebot3_common/meshes
[1.510s] -- Up-to-date: /mnt/c/users/dell/Desktop/lr_turtlebot_sim1/install/lr_turtlebot_sim/share/lr_turtlebot_sim//models/turtlebot3_common/meshes/bases
[1.596s] -- Up-to-date: /mnt/c/users/dell/Desktop/lr_turtlebot_sim1/install/lr_turtlebot_sim/share/lr_turtlebot_sim//models/turtlebot3_common/meshes/bases/burger_base.stl
[1.664s] -- Up-to-date: /mnt/c/users/dell/Desktop/lr_turtlebot_sim1/install/lr_turtlebot_sim/share/lr_turtlebot_sim//models/turtlebot3_common/meshes/bases/waffle_base.stl
[1.732s] -- Up-to-date: /mnt/c/users/dell/Desktop/lr_turtlebot_sim1/install/lr_turtlebot_sim/share/lr_turtlebot_sim//models/turtlebot3_common/meshes/bases/waffle_pi_base.stl
[1.806s] -- Up-to-date: /mnt/c/users/dell/Desktop/lr_turtlebot_sim1/install/lr_turtlebot_sim/share/lr_turtlebot_sim//models/turtlebot3_common/meshes/burger_base.dae
[1.872s] -- Up-to-date: /mnt/c/users/dell/Desktop/lr_turtlebot_sim1/install/lr_turtlebot_sim/share/lr_turtlebot_sim//models/turtlebot3_common/meshes/lds.dae
[1.935s] -- Up-to-date: /mnt/c/users/dell/Desktop/lr_turtlebot_sim1/install/lr_turtlebot_sim/share/lr_turtlebot_sim//models/turtlebot3_common/meshes/r200.dae
[1.996s] -- Up-to-date: /mnt/c/users/dell/Desktop/lr_turtlebot_sim1/install/lr_turtlebot_sim/share/lr_turtlebot_sim//models/turtlebot3_common/meshes/sensors
[2.088s] -- Up-to-date: /mnt/c/users/dell/Desktop/lr_turtlebot_sim1/install/lr_turtlebot_sim/share/lr_turtlebot_sim//models/turtlebot3_common/meshes/sensors/astra.dae
[2.181s] -- Up-to-date: /mnt/c/users/dell/Desktop/lr_turtlebot_sim1/install/lr_turtlebot_sim/share/lr_turtlebot_sim//models/turtlebot3_common/meshes/sensors/astra.jpg
[2.260s] -- Up-to-date: /mnt/c/users/dell/Desktop/lr_turtlebot_sim1/install/lr_turtlebot_sim/share/lr_turtlebot_sim//models/turtlebot3_common/meshes/sensors/lds.stl
[2.343s] -- Up-to-date: /mnt/c/users/dell/Desktop/lr_turtlebot_sim1/install/lr_turtlebot_sim/share/lr_turtlebot_sim//models/turtlebot3_common/meshes/sensors/r200.dae
[2.419s] -- Up-to-date: /mnt/c/users/dell/Desktop/lr_turtlebot_sim1/install/lr_turtlebot_sim/share/lr_turtlebot_sim//models/turtlebot3_common/meshes/sensors/r200.jpg
[2.491s] -- Up-to-date: /mnt/c/users/dell/Desktop/lr_turtlebot_sim1/install/lr_turtlebot_sim/share/lr_turtlebot_sim//models/turtlebot3_common/meshes/tire.dae
[2.560s] -- Up-to-date: /mnt/c/users/dell/Desktop/lr_turtlebot_sim1/install/lr_turtlebot_sim/share/lr_turtlebot_sim//models/turtlebot3_common/meshes/waffle_base.dae
[2.622s] -- Up-to-date: /mnt/c/users/dell/Desktop/lr_turtlebot_sim1/install/lr_turtlebot_sim/share/lr_turtlebot_sim//models/turtlebot3_common/meshes/waffle_pi_base.dae
[2.686s] -- Up-to-date: /mnt/c/users/dell/Desktop/lr_turtlebot_sim1/install/lr_turtlebot_sim/share/lr_turtlebot_sim//models/turtlebot3_common/meshes/wheels
[2.795s] -- Up-to-date: /mnt/c/users/dell/Desktop/lr_turtlebot_sim1/install/lr_turtlebot_sim/share/lr_turtlebot_sim//models/turtlebot3_common/meshes/wheels/left_tire.stl
[2.857s] -- Up-to-date: /mnt/c/users/dell/Desktop/lr_turtlebot_sim1/install/lr_turtlebot_sim/share/lr_turtlebot_sim//models/turtlebot3_common/meshes/wheels/right_tire.stl
[2.914s] -- Up-to-date: /mnt/c/users/dell/Desktop/lr_turtlebot_sim1/install/lr_turtlebot_sim/share/lr_turtlebot_sim//models/turtlebot3_common/model.config
[2.951s] -- Up-to-date: /mnt/c/users/dell/Desktop/lr_turtlebot_sim1/install/lr_turtlebot_sim/share/lr_turtlebot_sim//urdf
[3.004s] -- Up-to-date: /mnt/c/users/dell/Desktop/lr_turtlebot_sim1/install/lr_turtlebot_sim/share/lr_turtlebot_sim//urdf/common_properties.urdf
[3.050s] -- Up-to-date: /mnt/c/users/dell/Desktop/lr_turtlebot_sim1/install/lr_turtlebot_sim/share/lr_turtlebot_sim//urdf/turtlebot3_burger.urdf
[3.101s] -- Up-to-date: /mnt/c/users/dell/Desktop/lr_turtlebot_sim1/install/lr_turtlebot_sim/share/lr_turtlebot_sim//urdf/turtlebot3_burger_cam.urdf
[3.150s] -- Up-to-date: /mnt/c/users/dell/Desktop/lr_turtlebot_sim1/install/lr_turtlebot_sim/share/lr_turtlebot_sim//params
[3.211s] -- Up-to-date: /mnt/c/users/dell/Desktop/lr_turtlebot_sim1/install/lr_turtlebot_sim/share/lr_turtlebot_sim//params/burger.yaml
[3.263s] -- Up-to-date: /mnt/c/users/dell/Desktop/lr_turtlebot_sim1/install/lr_turtlebot_sim/share/lr_turtlebot_sim//params/turtlebot3_burger_bridge.yaml
[3.313s] -- Up-to-date: /mnt/c/users/dell/Desktop/lr_turtlebot_sim1/install/lr_turtlebot_sim/share/lr_turtlebot_sim//params/turtlebot3_burger_cam_bridge.yaml
[3.349s] -- Up-to-date: /mnt/c/users/dell/Desktop/lr_turtlebot_sim1/install/lr_turtlebot_sim/share/lr_turtlebot_sim//rviz
[3.416s] -- Up-to-date: /mnt/c/users/dell/Desktop/lr_turtlebot_sim1/install/lr_turtlebot_sim/share/lr_turtlebot_sim//rviz/tb3_gazebo.rviz
[3.458s] -- Up-to-date: /mnt/c/users/dell/Desktop/lr_turtlebot_sim1/install/lr_turtlebot_sim/share/lr_turtlebot_sim//scripts
[3.512s] -- Up-to-date: /mnt/c/users/dell/Desktop/lr_turtlebot_sim1/install/lr_turtlebot_sim/share/lr_turtlebot_sim//scripts/teleop_keyboard.py
[3.559s] -- Up-to-date: /mnt/c/users/dell/Desktop/lr_turtlebot_sim1/install/lr_turtlebot_sim/share/lr_turtlebot_sim//scripts/__init__.py
[3.600s] -- Up-to-date: /mnt/c/users/dell/Desktop/lr_turtlebot_sim1/install/lr_turtlebot_sim/share/lr_turtlebot_sim//worlds
[3.654s] -- Up-to-date: /mnt/c/users/dell/Desktop/lr_turtlebot_sim1/install/lr_turtlebot_sim/share/lr_turtlebot_sim//worlds/maze_1.world
[3.697s] -- Up-to-date: /mnt/c/users/dell/Desktop/lr_turtlebot_sim1/install/lr_turtlebot_sim/share/lr_turtlebot_sim//worlds/maze_2.world
[3.737s] -- Up-to-date: /mnt/c/users/dell/Desktop/lr_turtlebot_sim1/install/lr_turtlebot_sim/share/lr_turtlebot_sim//worlds/maze_3.world
[3.797s] -- Up-to-date: /mnt/c/users/dell/Desktop/lr_turtlebot_sim1/install/lr_turtlebot_sim/lib/lr_turtlebot_sim/teleop_keyboard.py
[3.872s] -- Up-to-date: /mnt/c/users/dell/Desktop/lr_turtlebot_sim1/install/lr_turtlebot_sim/share/ament_index/resource_index/package_run_dependencies/lr_turtlebot_sim
[3.949s] -- Up-to-date: /mnt/c/users/dell/Desktop/lr_turtlebot_sim1/install/lr_turtlebot_sim/share/ament_index/resource_index/parent_prefix_path/lr_turtlebot_sim
[3.996s] -- Up-to-date: /mnt/c/users/dell/Desktop/lr_turtlebot_sim1/install/lr_turtlebot_sim/share/lr_turtlebot_sim/environment/ament_prefix_path.sh
[4.051s] -- Up-to-date: /mnt/c/users/dell/Desktop/lr_turtlebot_sim1/install/lr_turtlebot_sim/share/lr_turtlebot_sim/environment/ament_prefix_path.dsv
[4.087s] -- Up-to-date: /mnt/c/users/dell/Desktop/lr_turtlebot_sim1/install/lr_turtlebot_sim/share/lr_turtlebot_sim/environment/path.sh
[4.138s] -- Up-to-date: /mnt/c/users/dell/Desktop/lr_turtlebot_sim1/install/lr_turtlebot_sim/share/lr_turtlebot_sim/environment/path.dsv
[4.184s] -- Up-to-date: /mnt/c/users/dell/Desktop/lr_turtlebot_sim1/install/lr_turtlebot_sim/share/lr_turtlebot_sim/local_setup.bash
[4.227s] -- Up-to-date: /mnt/c/users/dell/Desktop/lr_turtlebot_sim1/install/lr_turtlebot_sim/share/lr_turtlebot_sim/local_setup.sh
[4.274s] -- Up-to-date: /mnt/c/users/dell/Desktop/lr_turtlebot_sim1/install/lr_turtlebot_sim/share/lr_turtlebot_sim/local_setup.zsh
[4.312s] -- Up-to-date: /mnt/c/users/dell/Desktop/lr_turtlebot_sim1/install/lr_turtlebot_sim/share/lr_turtlebot_sim/local_setup.dsv
[4.352s] -- Installing: /mnt/c/users/dell/Desktop/lr_turtlebot_sim1/install/lr_turtlebot_sim/share/lr_turtlebot_sim/package.dsv
[4.533s] -- Up-to-date: /mnt/c/users/dell/Desktop/lr_turtlebot_sim1/install/lr_turtlebot_sim/share/ament_index/resource_index/packages/lr_turtlebot_sim
[4.588s] -- Up-to-date: /mnt/c/users/dell/Desktop/lr_turtlebot_sim1/install/lr_turtlebot_sim/share/lr_turtlebot_sim/cmake/lr_turtlebot_simConfig.cmake
[4.629s] -- Up-to-date: /mnt/c/users/dell/Desktop/lr_turtlebot_sim1/install/lr_turtlebot_sim/share/lr_turtlebot_sim/cmake/lr_turtlebot_simConfig-version.cmake
[4.672s] -- Up-to-date: /mnt/c/users/dell/Desktop/lr_turtlebot_sim1/install/lr_turtlebot_sim/share/lr_turtlebot_sim/package.xml
[4.695s] Invoked command in '/mnt/c/users/dell/Desktop/lr_turtlebot_sim1/build/lr_turtlebot_sim' returned '0': CMAKE_PREFIX_PATH=${CMAKE_PREFIX_PATH}:/opt/ros/jazzy /usr/bin/cmake --install /mnt/c/users/dell/Desktop/lr_turtlebot_sim1/build/lr_turtlebot_sim
