[0.127s] Invoking command in '/mnt/c/users/dell/Desktop/lr_turtlebot_sim1/build/lr_turtlebot_sim': CMAKE_PREFIX_PATH=${CMAKE_PREFIX_PATH}:/opt/ros/jazzy /usr/bin/cmake --build /mnt/c/users/dell/Desktop/lr_turtlebot_sim1/build/lr_turtlebot_sim -- -j20 -l20
[0.340s] Invoked command in '/mnt/c/users/dell/Desktop/lr_turtlebot_sim1/build/lr_turtlebot_sim' returned '0': CMAKE_PREFIX_PATH=${CMAKE_PREFIX_PATH}:/opt/ros/jazzy /usr/bin/cmake --build /mnt/c/users/dell/Desktop/lr_turtlebot_sim1/build/lr_turtlebot_sim -- -j20 -l20
[0.396s] Invoking command in '/mnt/c/users/dell/Desktop/lr_turtlebot_sim1/build/lr_turtlebot_sim': CMAKE_PREFIX_PATH=${CMAKE_PREFIX_PATH}:/opt/ros/jazzy /usr/bin/cmake --install /mnt/c/users/dell/Desktop/lr_turtlebot_sim1/build/lr_turtlebot_sim
[0.421s] -- Install configuration: ""
[0.447s] -- Up-to-date: /mnt/c/users/dell/Desktop/lr_turtlebot_sim1/install/lr_turtlebot_sim/share/lr_turtlebot_sim//launch
[0.506s] -- Up-to-date: /mnt/c/users/dell/Desktop/lr_turtlebot_sim1/install/lr_turtlebot_sim/share/lr_turtlebot_sim//launch/maze_1.launch.py
[0.554s] -- Up-to-date: /mnt/c/users/dell/Desktop/lr_turtlebot_sim1/install/lr_turtlebot_sim/share/lr_turtlebot_sim//launch/maze_2.launch.py
[0.603s] -- Up-to-date: /mnt/c/users/dell/Desktop/lr_turtlebot_sim1/install/lr_turtlebot_sim/share/lr_turtlebot_sim//launch/maze_3.launch.py
[0.655s] -- Up-to-date: /mnt/c/users/dell/Desktop/lr_turtlebot_sim1/install/lr_turtlebot_sim/share/lr_turtlebot_sim//launch/robot_state_publisher.launch.py
[0.707s] -- Up-to-date: /mnt/c/users/dell/Desktop/lr_turtlebot_sim1/install/lr_turtlebot_sim/share/lr_turtlebot_sim//launch/spawn_turtlebot3.launch.py
[0.747s] -- Up-to-date: /mnt/c/users/dell/Desktop/lr_turtlebot_sim1/install/lr_turtlebot_sim/share/lr_turtlebot_sim//launch/turtlebot_in_maze.launch.py
[0.785s] -- Up-to-date: /mnt/c/users/dell/Desktop/lr_turtlebot_sim1/install/lr_turtlebot_sim/share/lr_turtlebot_sim//models
[0.834s] -- Up-to-date: /mnt/c/users/dell/Desktop/lr_turtlebot_sim1/install/lr_turtlebot_sim/share/lr_turtlebot_sim//models/turtlebot3_burger
[0.899s] -- Up-to-date: /mnt/c/users/dell/Desktop/lr_turtlebot_sim1/install/lr_turtlebot_sim/share/lr_turtlebot_sim//models/turtlebot3_burger/model-1_4.sdf
[0.947s] -- Up-to-date: /mnt/c/users/dell/Desktop/lr_turtlebot_sim1/install/lr_turtlebot_sim/share/lr_turtlebot_sim//models/turtlebot3_burger/model.config
[0.981s] -- Installing: /mnt/c/users/dell/Desktop/lr_turtlebot_sim1/install/lr_turtlebot_sim/share/lr_turtlebot_sim//models/turtlebot3_burger/model.sdf
[1.138s] -- Up-to-date: /mnt/c/users/dell/Desktop/lr_turtlebot_sim1/install/lr_turtlebot_sim/share/lr_turtlebot_sim//models/turtlebot3_burger_cam
[1.216s] -- Up-to-date: /mnt/c/users/dell/Desktop/lr_turtlebot_sim1/install/lr_turtlebot_sim/share/lr_turtlebot_sim//models/turtlebot3_burger_cam/model-1_4.sdf
[1.270s] -- Up-to-date: /mnt/c/users/dell/Desktop/lr_turtlebot_sim1/install/lr_turtlebot_sim/share/lr_turtlebot_sim//models/turtlebot3_burger_cam/model.config
[1.322s] -- Up-to-date: /mnt/c/users/dell/Desktop/lr_turtlebot_sim1/install/lr_turtlebot_sim/share/lr_turtlebot_sim//models/turtlebot3_burger_cam/model.sdf
[1.373s] -- Up-to-date: /mnt/c/users/dell/Desktop/lr_turtlebot_sim1/install/lr_turtlebot_sim/share/lr_turtlebot_sim//models/turtlebot3_common
[1.453s] -- Up-to-date: /mnt/c/users/dell/Desktop/lr_turtlebot_sim1/install/lr_turtlebot_sim/share/lr_turtlebot_sim//models/turtlebot3_common/meshes
[1.534s] -- Up-to-date: /mnt/c/users/dell/Desktop/lr_turtlebot_sim1/install/lr_turtlebot_sim/share/lr_turtlebot_sim//models/turtlebot3_common/meshes/bases
[1.626s] -- Up-to-date: /mnt/c/users/dell/Desktop/lr_turtlebot_sim1/install/lr_turtlebot_sim/share/lr_turtlebot_sim//models/turtlebot3_common/meshes/bases/burger_base.stl
[1.688s] -- Up-to-date: /mnt/c/users/dell/Desktop/lr_turtlebot_sim1/install/lr_turtlebot_sim/share/lr_turtlebot_sim//models/turtlebot3_common/meshes/bases/waffle_base.stl
[1.757s] -- Up-to-date: /mnt/c/users/dell/Desktop/lr_turtlebot_sim1/install/lr_turtlebot_sim/share/lr_turtlebot_sim//models/turtlebot3_common/meshes/bases/waffle_pi_base.stl
[1.830s] -- Up-to-date: /mnt/c/users/dell/Desktop/lr_turtlebot_sim1/install/lr_turtlebot_sim/share/lr_turtlebot_sim//models/turtlebot3_common/meshes/burger_base.dae
[1.887s] -- Up-to-date: /mnt/c/users/dell/Desktop/lr_turtlebot_sim1/install/lr_turtlebot_sim/share/lr_turtlebot_sim//models/turtlebot3_common/meshes/lds.dae
[1.955s] -- Up-to-date: /mnt/c/users/dell/Desktop/lr_turtlebot_sim1/install/lr_turtlebot_sim/share/lr_turtlebot_sim//models/turtlebot3_common/meshes/r200.dae
[2.012s] -- Up-to-date: /mnt/c/users/dell/Desktop/lr_turtlebot_sim1/install/lr_turtlebot_sim/share/lr_turtlebot_sim//models/turtlebot3_common/meshes/sensors
[2.106s] -- Up-to-date: /mnt/c/users/dell/Desktop/lr_turtlebot_sim1/install/lr_turtlebot_sim/share/lr_turtlebot_sim//models/turtlebot3_common/meshes/sensors/astra.dae
[2.178s] -- Up-to-date: /mnt/c/users/dell/Desktop/lr_turtlebot_sim1/install/lr_turtlebot_sim/share/lr_turtlebot_sim//models/turtlebot3_common/meshes/sensors/astra.jpg
[2.247s] -- Up-to-date: /mnt/c/users/dell/Desktop/lr_turtlebot_sim1/install/lr_turtlebot_sim/share/lr_turtlebot_sim//models/turtlebot3_common/meshes/sensors/lds.stl
[2.314s] -- Up-to-date: /mnt/c/users/dell/Desktop/lr_turtlebot_sim1/install/lr_turtlebot_sim/share/lr_turtlebot_sim//models/turtlebot3_common/meshes/sensors/r200.dae
[2.375s] -- Up-to-date: /mnt/c/users/dell/Desktop/lr_turtlebot_sim1/install/lr_turtlebot_sim/share/lr_turtlebot_sim//models/turtlebot3_common/meshes/sensors/r200.jpg
[2.434s] -- Up-to-date: /mnt/c/users/dell/Desktop/lr_turtlebot_sim1/install/lr_turtlebot_sim/share/lr_turtlebot_sim//models/turtlebot3_common/meshes/tire.dae
[2.493s] -- Up-to-date: /mnt/c/users/dell/Desktop/lr_turtlebot_sim1/install/lr_turtlebot_sim/share/lr_turtlebot_sim//models/turtlebot3_common/meshes/waffle_base.dae
[2.550s] -- Up-to-date: /mnt/c/users/dell/Desktop/lr_turtlebot_sim1/install/lr_turtlebot_sim/share/lr_turtlebot_sim//models/turtlebot3_common/meshes/waffle_pi_base.dae
[2.615s] -- Up-to-date: /mnt/c/users/dell/Desktop/lr_turtlebot_sim1/install/lr_turtlebot_sim/share/lr_turtlebot_sim//models/turtlebot3_common/meshes/wheels
[2.705s] -- Up-to-date: /mnt/c/users/dell/Desktop/lr_turtlebot_sim1/install/lr_turtlebot_sim/share/lr_turtlebot_sim//models/turtlebot3_common/meshes/wheels/left_tire.stl
[2.774s] -- Up-to-date: /mnt/c/users/dell/Desktop/lr_turtlebot_sim1/install/lr_turtlebot_sim/share/lr_turtlebot_sim//models/turtlebot3_common/meshes/wheels/right_tire.stl
[2.830s] -- Up-to-date: /mnt/c/users/dell/Desktop/lr_turtlebot_sim1/install/lr_turtlebot_sim/share/lr_turtlebot_sim//models/turtlebot3_common/model.config
[2.865s] -- Up-to-date: /mnt/c/users/dell/Desktop/lr_turtlebot_sim1/install/lr_turtlebot_sim/share/lr_turtlebot_sim//urdf
[2.914s] -- Up-to-date: /mnt/c/users/dell/Desktop/lr_turtlebot_sim1/install/lr_turtlebot_sim/share/lr_turtlebot_sim//urdf/common_properties.urdf
[2.952s] -- Up-to-date: /mnt/c/users/dell/Desktop/lr_turtlebot_sim1/install/lr_turtlebot_sim/share/lr_turtlebot_sim//urdf/turtlebot3_burger.urdf
[2.987s] -- Up-to-date: /mnt/c/users/dell/Desktop/lr_turtlebot_sim1/install/lr_turtlebot_sim/share/lr_turtlebot_sim//urdf/turtlebot3_burger_cam.urdf
[3.018s] -- Up-to-date: /mnt/c/users/dell/Desktop/lr_turtlebot_sim1/install/lr_turtlebot_sim/share/lr_turtlebot_sim//params
[3.065s] -- Up-to-date: /mnt/c/users/dell/Desktop/lr_turtlebot_sim1/install/lr_turtlebot_sim/share/lr_turtlebot_sim//params/burger.yaml
[3.102s] -- Up-to-date: /mnt/c/users/dell/Desktop/lr_turtlebot_sim1/install/lr_turtlebot_sim/share/lr_turtlebot_sim//params/turtlebot3_burger_bridge.yaml
[3.140s] -- Up-to-date: /mnt/c/users/dell/Desktop/lr_turtlebot_sim1/install/lr_turtlebot_sim/share/lr_turtlebot_sim//params/turtlebot3_burger_cam_bridge.yaml
[3.174s] -- Up-to-date: /mnt/c/users/dell/Desktop/lr_turtlebot_sim1/install/lr_turtlebot_sim/share/lr_turtlebot_sim//rviz
[3.222s] -- Up-to-date: /mnt/c/users/dell/Desktop/lr_turtlebot_sim1/install/lr_turtlebot_sim/share/lr_turtlebot_sim//rviz/tb3_gazebo.rviz
[3.249s] -- Up-to-date: /mnt/c/users/dell/Desktop/lr_turtlebot_sim1/install/lr_turtlebot_sim/share/lr_turtlebot_sim//scripts
[3.299s] -- Up-to-date: /mnt/c/users/dell/Desktop/lr_turtlebot_sim1/install/lr_turtlebot_sim/share/lr_turtlebot_sim//scripts/teleop_keyboard.py
[3.334s] -- Up-to-date: /mnt/c/users/dell/Desktop/lr_turtlebot_sim1/install/lr_turtlebot_sim/share/lr_turtlebot_sim//scripts/__init__.py
[3.370s] -- Up-to-date: /mnt/c/users/dell/Desktop/lr_turtlebot_sim1/install/lr_turtlebot_sim/share/lr_turtlebot_sim//worlds
[3.424s] -- Up-to-date: /mnt/c/users/dell/Desktop/lr_turtlebot_sim1/install/lr_turtlebot_sim/share/lr_turtlebot_sim//worlds/maze_1.world
[3.464s] -- Up-to-date: /mnt/c/users/dell/Desktop/lr_turtlebot_sim1/install/lr_turtlebot_sim/share/lr_turtlebot_sim//worlds/maze_2.world
[3.507s] -- Up-to-date: /mnt/c/users/dell/Desktop/lr_turtlebot_sim1/install/lr_turtlebot_sim/share/lr_turtlebot_sim//worlds/maze_3.world
[3.565s] -- Up-to-date: /mnt/c/users/dell/Desktop/lr_turtlebot_sim1/install/lr_turtlebot_sim/lib/lr_turtlebot_sim/teleop_keyboard.py
[3.646s] -- Up-to-date: /mnt/c/users/dell/Desktop/lr_turtlebot_sim1/install/lr_turtlebot_sim/share/ament_index/resource_index/package_run_dependencies/lr_turtlebot_sim
[3.730s] -- Up-to-date: /mnt/c/users/dell/Desktop/lr_turtlebot_sim1/install/lr_turtlebot_sim/share/ament_index/resource_index/parent_prefix_path/lr_turtlebot_sim
[3.774s] -- Up-to-date: /mnt/c/users/dell/Desktop/lr_turtlebot_sim1/install/lr_turtlebot_sim/share/lr_turtlebot_sim/environment/ament_prefix_path.sh
[3.827s] -- Up-to-date: /mnt/c/users/dell/Desktop/lr_turtlebot_sim1/install/lr_turtlebot_sim/share/lr_turtlebot_sim/environment/ament_prefix_path.dsv
[3.870s] -- Up-to-date: /mnt/c/users/dell/Desktop/lr_turtlebot_sim1/install/lr_turtlebot_sim/share/lr_turtlebot_sim/environment/path.sh
[3.925s] -- Up-to-date: /mnt/c/users/dell/Desktop/lr_turtlebot_sim1/install/lr_turtlebot_sim/share/lr_turtlebot_sim/environment/path.dsv
[3.975s] -- Up-to-date: /mnt/c/users/dell/Desktop/lr_turtlebot_sim1/install/lr_turtlebot_sim/share/lr_turtlebot_sim/local_setup.bash
[4.018s] -- Up-to-date: /mnt/c/users/dell/Desktop/lr_turtlebot_sim1/install/lr_turtlebot_sim/share/lr_turtlebot_sim/local_setup.sh
[4.060s] -- Up-to-date: /mnt/c/users/dell/Desktop/lr_turtlebot_sim1/install/lr_turtlebot_sim/share/lr_turtlebot_sim/local_setup.zsh
[4.107s] -- Up-to-date: /mnt/c/users/dell/Desktop/lr_turtlebot_sim1/install/lr_turtlebot_sim/share/lr_turtlebot_sim/local_setup.dsv
[4.152s] -- Installing: /mnt/c/users/dell/Desktop/lr_turtlebot_sim1/install/lr_turtlebot_sim/share/lr_turtlebot_sim/package.dsv
[4.330s] -- Up-to-date: /mnt/c/users/dell/Desktop/lr_turtlebot_sim1/install/lr_turtlebot_sim/share/ament_index/resource_index/packages/lr_turtlebot_sim
[4.386s] -- Up-to-date: /mnt/c/users/dell/Desktop/lr_turtlebot_sim1/install/lr_turtlebot_sim/share/lr_turtlebot_sim/cmake/lr_turtlebot_simConfig.cmake
[4.425s] -- Up-to-date: /mnt/c/users/dell/Desktop/lr_turtlebot_sim1/install/lr_turtlebot_sim/share/lr_turtlebot_sim/cmake/lr_turtlebot_simConfig-version.cmake
[4.474s] -- Up-to-date: /mnt/c/users/dell/Desktop/lr_turtlebot_sim1/install/lr_turtlebot_sim/share/lr_turtlebot_sim/package.xml
[4.497s] Invoked command in '/mnt/c/users/dell/Desktop/lr_turtlebot_sim1/build/lr_turtlebot_sim' returned '0': CMAKE_PREFIX_PATH=${CMAKE_PREFIX_PATH}:/opt/ros/jazzy /usr/bin/cmake --install /mnt/c/users/dell/Desktop/lr_turtlebot_sim1/build/lr_turtlebot_sim
