[0.362s] Invoking command in '/mnt/c/users/dell/Desktop/lr_turtlebot_sim1/build/lr_ppo': CMAKE_PREFIX_PATH=/mnt/c/users/dell/Desktop/lr_turtlebot_sim1/install/lr_turtlebot_sim:/mnt/c/users/dell/Desktop/lr_turtlebot_sim1/install/lr_ppo:/opt/ros/jazzy/opt/gz_sim_vendor:/opt/ros/jazzy/opt/gz_sensors_vendor:/opt/ros/jazzy/opt/gz_physics_vendor:/opt/ros/jazzy/opt/sdformat_vendor:/opt/ros/jazzy/opt/gz_gui_vendor:/opt/ros/jazzy/opt/gz_transport_vendor:/opt/ros/jazzy/opt/gz_rendering_vendor:/opt/ros/jazzy/opt/gz_plugin_vendor:/opt/ros/jazzy/opt/gz_fuel_tools_vendor:/opt/ros/jazzy/opt/gz_msgs_vendor:/opt/ros/jazzy/opt/gz_common_vendor:/opt/ros/jazzy/opt/gz_math_vendor:/opt/ros/jazzy/opt/gz_utils_vendor:/opt/ros/jazzy/opt/gz_tools_vendor:/opt/ros/jazzy/opt/gz_ogre_next_vendor:/opt/ros/jazzy/opt/gz_dartsim_vendor:/opt/ros/jazzy/opt/gz_cmake_vendor:/opt/ros/jazzy /usr/bin/cmake --build /mnt/c/users/dell/Desktop/lr_turtlebot_sim1/build/lr_ppo -- -j20 -l20
[1.151s] Built target ament_cmake_python_copy_lr_ppo
[1.928s] running egg_info
[1.951s] writing lr_ppo.egg-info/PKG-INFO
[1.961s] writing dependency_links to lr_ppo.egg-info/dependency_links.txt
[1.972s] writing top-level names to lr_ppo.egg-info/top_level.txt
[2.080s] reading manifest file 'lr_ppo.egg-info/SOURCES.txt'
[2.152s] writing manifest file 'lr_ppo.egg-info/SOURCES.txt'
[2.182s] Built target ament_cmake_python_build_lr_ppo_egg
[2.194s] Invoked command in '/mnt/c/users/dell/Desktop/lr_turtlebot_sim1/build/lr_ppo' returned '0': CMAKE_PREFIX_PATH=/mnt/c/users/dell/Desktop/lr_turtlebot_sim1/install/lr_turtlebot_sim:/mnt/c/users/dell/Desktop/lr_turtlebot_sim1/install/lr_ppo:/opt/ros/jazzy/opt/gz_sim_vendor:/opt/ros/jazzy/opt/gz_sensors_vendor:/opt/ros/jazzy/opt/gz_physics_vendor:/opt/ros/jazzy/opt/sdformat_vendor:/opt/ros/jazzy/opt/gz_gui_vendor:/opt/ros/jazzy/opt/gz_transport_vendor:/opt/ros/jazzy/opt/gz_rendering_vendor:/opt/ros/jazzy/opt/gz_plugin_vendor:/opt/ros/jazzy/opt/gz_fuel_tools_vendor:/opt/ros/jazzy/opt/gz_msgs_vendor:/opt/ros/jazzy/opt/gz_common_vendor:/opt/ros/jazzy/opt/gz_math_vendor:/opt/ros/jazzy/opt/gz_utils_vendor:/opt/ros/jazzy/opt/gz_tools_vendor:/opt/ros/jazzy/opt/gz_ogre_next_vendor:/opt/ros/jazzy/opt/gz_dartsim_vendor:/opt/ros/jazzy/opt/gz_cmake_vendor:/opt/ros/jazzy /usr/bin/cmake --build /mnt/c/users/dell/Desktop/lr_turtlebot_sim1/build/lr_ppo -- -j20 -l20
[2.254s] Invoking command in '/mnt/c/users/dell/Desktop/lr_turtlebot_sim1/build/lr_ppo': CMAKE_PREFIX_PATH=/mnt/c/users/dell/Desktop/lr_turtlebot_sim1/install/lr_turtlebot_sim:/mnt/c/users/dell/Desktop/lr_turtlebot_sim1/install/lr_ppo:/opt/ros/jazzy/opt/gz_sim_vendor:/opt/ros/jazzy/opt/gz_sensors_vendor:/opt/ros/jazzy/opt/gz_physics_vendor:/opt/ros/jazzy/opt/sdformat_vendor:/opt/ros/jazzy/opt/gz_gui_vendor:/opt/ros/jazzy/opt/gz_transport_vendor:/opt/ros/jazzy/opt/gz_rendering_vendor:/opt/ros/jazzy/opt/gz_plugin_vendor:/opt/ros/jazzy/opt/gz_fuel_tools_vendor:/opt/ros/jazzy/opt/gz_msgs_vendor:/opt/ros/jazzy/opt/gz_common_vendor:/opt/ros/jazzy/opt/gz_math_vendor:/opt/ros/jazzy/opt/gz_utils_vendor:/opt/ros/jazzy/opt/gz_tools_vendor:/opt/ros/jazzy/opt/gz_ogre_next_vendor:/opt/ros/jazzy/opt/gz_dartsim_vendor:/opt/ros/jazzy/opt/gz_cmake_vendor:/opt/ros/jazzy /usr/bin/cmake --install /mnt/c/users/dell/Desktop/lr_turtlebot_sim1/build/lr_ppo
[2.273s] -- Install configuration: ""
[2.314s] -- Up-to-date: /mnt/c/users/dell/Desktop/lr_turtlebot_sim1/install/lr_ppo/share/lr_ppo/environment/pythonpath.sh
[2.361s] -- Up-to-date: /mnt/c/users/dell/Desktop/lr_turtlebot_sim1/install/lr_ppo/share/lr_ppo/environment/pythonpath.dsv
[2.417s] -- Up-to-date: /mnt/c/users/dell/Desktop/lr_turtlebot_sim1/install/lr_ppo/lib/python3.12/site-packages/lr_ppo-1.0.0-py3.12.egg-info
[2.484s] -- Installing: /mnt/c/users/dell/Desktop/lr_turtlebot_sim1/install/lr_ppo/lib/python3.12/site-packages/lr_ppo-1.0.0-py3.12.egg-info/dependency_links.txt
[2.746s] -- Installing: /mnt/c/users/dell/Desktop/lr_turtlebot_sim1/install/lr_ppo/lib/python3.12/site-packages/lr_ppo-1.0.0-py3.12.egg-info/PKG-INFO
[2.954s] -- Installing: /mnt/c/users/dell/Desktop/lr_turtlebot_sim1/install/lr_ppo/lib/python3.12/site-packages/lr_ppo-1.0.0-py3.12.egg-info/SOURCES.txt
[3.189s] -- Installing: /mnt/c/users/dell/Desktop/lr_turtlebot_sim1/install/lr_ppo/lib/python3.12/site-packages/lr_ppo-1.0.0-py3.12.egg-info/top_level.txt
[3.403s] -- Up-to-date: /mnt/c/users/dell/Desktop/lr_turtlebot_sim1/install/lr_ppo/lib/python3.12/site-packages/lr_ppo
[3.468s] -- Installing: /mnt/c/users/dell/Desktop/lr_turtlebot_sim1/install/lr_ppo/lib/python3.12/site-packages/lr_ppo/environment.py
[3.669s] -- Up-to-date: /mnt/c/users/dell/Desktop/lr_turtlebot_sim1/install/lr_ppo/lib/python3.12/site-packages/lr_ppo/networks.py
[3.724s] -- Up-to-date: /mnt/c/users/dell/Desktop/lr_turtlebot_sim1/install/lr_ppo/lib/python3.12/site-packages/lr_ppo/ppo_agent.py
[3.777s] -- Up-to-date: /mnt/c/users/dell/Desktop/lr_turtlebot_sim1/install/lr_ppo/lib/python3.12/site-packages/lr_ppo/utils.py
[3.808s] -- Up-to-date: /mnt/c/users/dell/Desktop/lr_turtlebot_sim1/install/lr_ppo/lib/python3.12/site-packages/lr_ppo/__init__.py
[4.405s] Listing '/mnt/c/users/dell/Desktop/lr_turtlebot_sim1/install/lr_ppo/lib/python3.12/site-packages/lr_ppo'...
[4.407s] Compiling '/mnt/c/users/dell/Desktop/lr_turtlebot_sim1/install/lr_ppo/lib/python3.12/site-packages/lr_ppo/environment.py'...
[4.448s] -- Up-to-date: /mnt/c/users/dell/Desktop/lr_turtlebot_sim1/install/lr_ppo/lib/lr_ppo/train_rosi.py
[4.491s] -- Up-to-date: /mnt/c/users/dell/Desktop/lr_turtlebot_sim1/install/lr_ppo/lib/lr_ppo/evaluate_rosi.py
[4.534s] -- Up-to-date: /mnt/c/users/dell/Desktop/lr_turtlebot_sim1/install/lr_ppo/lib/lr_ppo/test_environment.py
[4.573s] -- Up-to-date: /mnt/c/users/dell/Desktop/lr_turtlebot_sim1/install/lr_ppo/share/lr_ppo/launch
[4.650s] -- Up-to-date: /mnt/c/users/dell/Desktop/lr_turtlebot_sim1/install/lr_ppo/share/lr_ppo/launch/evaluate.launch.py
[4.703s] -- Up-to-date: /mnt/c/users/dell/Desktop/lr_turtlebot_sim1/install/lr_ppo/share/lr_ppo/launch/train.launch.py
[4.746s] -- Up-to-date: /mnt/c/users/dell/Desktop/lr_turtlebot_sim1/install/lr_ppo/share/lr_ppo/config
[4.812s] -- Up-to-date: /mnt/c/users/dell/Desktop/lr_turtlebot_sim1/install/lr_ppo/share/lr_ppo/config/training_config.yaml
[4.857s] -- Up-to-date: /mnt/c/users/dell/Desktop/lr_turtlebot_sim1/install/lr_ppo/share/lr_ppo/models
[4.933s] -- Up-to-date: /mnt/c/users/dell/Desktop/lr_turtlebot_sim1/install/lr_ppo/share/lr_ppo/models/README.md
[5.021s] -- Up-to-date: /mnt/c/users/dell/Desktop/lr_turtlebot_sim1/install/lr_ppo/share/ament_index/resource_index/package_run_dependencies/lr_ppo
[5.104s] -- Up-to-date: /mnt/c/users/dell/Desktop/lr_turtlebot_sim1/install/lr_ppo/share/ament_index/resource_index/parent_prefix_path/lr_ppo
[5.151s] -- Up-to-date: /mnt/c/users/dell/Desktop/lr_turtlebot_sim1/install/lr_ppo/share/lr_ppo/environment/ament_prefix_path.sh
[5.210s] -- Up-to-date: /mnt/c/users/dell/Desktop/lr_turtlebot_sim1/install/lr_ppo/share/lr_ppo/environment/ament_prefix_path.dsv
[5.242s] -- Up-to-date: /mnt/c/users/dell/Desktop/lr_turtlebot_sim1/install/lr_ppo/share/lr_ppo/environment/path.sh
[5.287s] -- Up-to-date: /mnt/c/users/dell/Desktop/lr_turtlebot_sim1/install/lr_ppo/share/lr_ppo/environment/path.dsv
[5.342s] -- Up-to-date: /mnt/c/users/dell/Desktop/lr_turtlebot_sim1/install/lr_ppo/share/lr_ppo/local_setup.bash
[5.381s] -- Up-to-date: /mnt/c/users/dell/Desktop/lr_turtlebot_sim1/install/lr_ppo/share/lr_ppo/local_setup.sh
[5.418s] -- Up-to-date: /mnt/c/users/dell/Desktop/lr_turtlebot_sim1/install/lr_ppo/share/lr_ppo/local_setup.zsh
[5.452s] -- Up-to-date: /mnt/c/users/dell/Desktop/lr_turtlebot_sim1/install/lr_ppo/share/lr_ppo/local_setup.dsv
[5.488s] -- Installing: /mnt/c/users/dell/Desktop/lr_turtlebot_sim1/install/lr_ppo/share/lr_ppo/package.dsv
[5.663s] -- Up-to-date: /mnt/c/users/dell/Desktop/lr_turtlebot_sim1/install/lr_ppo/share/ament_index/resource_index/packages/lr_ppo
[5.723s] -- Up-to-date: /mnt/c/users/dell/Desktop/lr_turtlebot_sim1/install/lr_ppo/share/lr_ppo/cmake/lr_ppoConfig.cmake
[5.760s] -- Up-to-date: /mnt/c/users/dell/Desktop/lr_turtlebot_sim1/install/lr_ppo/share/lr_ppo/cmake/lr_ppoConfig-version.cmake
[5.806s] -- Up-to-date: /mnt/c/users/dell/Desktop/lr_turtlebot_sim1/install/lr_ppo/share/lr_ppo/package.xml
[5.826s] Invoked command in '/mnt/c/users/dell/Desktop/lr_turtlebot_sim1/build/lr_ppo' returned '0': CMAKE_PREFIX_PATH=/mnt/c/users/dell/Desktop/lr_turtlebot_sim1/install/lr_turtlebot_sim:/mnt/c/users/dell/Desktop/lr_turtlebot_sim1/install/lr_ppo:/opt/ros/jazzy/opt/gz_sim_vendor:/opt/ros/jazzy/opt/gz_sensors_vendor:/opt/ros/jazzy/opt/gz_physics_vendor:/opt/ros/jazzy/opt/sdformat_vendor:/opt/ros/jazzy/opt/gz_gui_vendor:/opt/ros/jazzy/opt/gz_transport_vendor:/opt/ros/jazzy/opt/gz_rendering_vendor:/opt/ros/jazzy/opt/gz_plugin_vendor:/opt/ros/jazzy/opt/gz_fuel_tools_vendor:/opt/ros/jazzy/opt/gz_msgs_vendor:/opt/ros/jazzy/opt/gz_common_vendor:/opt/ros/jazzy/opt/gz_math_vendor:/opt/ros/jazzy/opt/gz_utils_vendor:/opt/ros/jazzy/opt/gz_tools_vendor:/opt/ros/jazzy/opt/gz_ogre_next_vendor:/opt/ros/jazzy/opt/gz_dartsim_vendor:/opt/ros/jazzy/opt/gz_cmake_vendor:/opt/ros/jazzy /usr/bin/cmake --install /mnt/c/users/dell/Desktop/lr_turtlebot_sim1/build/lr_ppo
