[0.244s] Invoking command in '/mnt/c/users/dell/Desktop/lr_turtlebot_sim1/build/lr_turtlebot_sim': CMAKE_PREFIX_PATH=${CMAKE_PREFIX_PATH}:/opt/ros/jazzy /usr/bin/cmake --build /mnt/c/users/dell/Desktop/lr_turtlebot_sim1/build/lr_turtlebot_sim -- -j20 -l20
[0.468s] Invoked command in '/mnt/c/users/dell/Desktop/lr_turtlebot_sim1/build/lr_turtlebot_sim' returned '0': CMAKE_PREFIX_PATH=${CMAKE_PREFIX_PATH}:/opt/ros/jazzy /usr/bin/cmake --build /mnt/c/users/dell/Desktop/lr_turtlebot_sim1/build/lr_turtlebot_sim -- -j20 -l20
[0.529s] Invoking command in '/mnt/c/users/dell/Desktop/lr_turtlebot_sim1/build/lr_turtlebot_sim': CMAKE_PREFIX_PATH=${CMAKE_PREFIX_PATH}:/opt/ros/jazzy /usr/bin/cmake --install /mnt/c/users/dell/Desktop/lr_turtlebot_sim1/build/lr_turtlebot_sim
[0.557s] -- Install configuration: ""
[0.582s] -- Up-to-date: /mnt/c/users/dell/Desktop/lr_turtlebot_sim1/install/lr_turtlebot_sim/share/lr_turtlebot_sim//launch
[0.642s] -- Up-to-date: /mnt/c/users/dell/Desktop/lr_turtlebot_sim1/install/lr_turtlebot_sim/share/lr_turtlebot_sim//launch/maze_1.launch.py
[0.685s] -- Up-to-date: /mnt/c/users/dell/Desktop/lr_turtlebot_sim1/install/lr_turtlebot_sim/share/lr_turtlebot_sim//launch/maze_2.launch.py
[0.731s] -- Up-to-date: /mnt/c/users/dell/Desktop/lr_turtlebot_sim1/install/lr_turtlebot_sim/share/lr_turtlebot_sim//launch/maze_3.launch.py
[0.773s] -- Up-to-date: /mnt/c/users/dell/Desktop/lr_turtlebot_sim1/install/lr_turtlebot_sim/share/lr_turtlebot_sim//launch/robot_state_publisher.launch.py
[0.814s] -- Up-to-date: /mnt/c/users/dell/Desktop/lr_turtlebot_sim1/install/lr_turtlebot_sim/share/lr_turtlebot_sim//launch/spawn_turtlebot3.launch.py
[0.873s] -- Up-to-date: /mnt/c/users/dell/Desktop/lr_turtlebot_sim1/install/lr_turtlebot_sim/share/lr_turtlebot_sim//launch/turtlebot_in_maze.launch.py
[0.908s] -- Up-to-date: /mnt/c/users/dell/Desktop/lr_turtlebot_sim1/install/lr_turtlebot_sim/share/lr_turtlebot_sim//models
[0.951s] -- Up-to-date: /mnt/c/users/dell/Desktop/lr_turtlebot_sim1/install/lr_turtlebot_sim/share/lr_turtlebot_sim//models/turtlebot3_burger
[1.012s] -- Up-to-date: /mnt/c/users/dell/Desktop/lr_turtlebot_sim1/install/lr_turtlebot_sim/share/lr_turtlebot_sim//models/turtlebot3_burger/model-1_4.sdf
[1.058s] -- Up-to-date: /mnt/c/users/dell/Desktop/lr_turtlebot_sim1/install/lr_turtlebot_sim/share/lr_turtlebot_sim//models/turtlebot3_burger/model.config
[1.104s] -- Up-to-date: /mnt/c/users/dell/Desktop/lr_turtlebot_sim1/install/lr_turtlebot_sim/share/lr_turtlebot_sim//models/turtlebot3_burger/model.sdf
[1.149s] -- Up-to-date: /mnt/c/users/dell/Desktop/lr_turtlebot_sim1/install/lr_turtlebot_sim/share/lr_turtlebot_sim//models/turtlebot3_burger_cam
[1.209s] -- Up-to-date: /mnt/c/users/dell/Desktop/lr_turtlebot_sim1/install/lr_turtlebot_sim/share/lr_turtlebot_sim//models/turtlebot3_burger_cam/model-1_4.sdf
[1.256s] -- Up-to-date: /mnt/c/users/dell/Desktop/lr_turtlebot_sim1/install/lr_turtlebot_sim/share/lr_turtlebot_sim//models/turtlebot3_burger_cam/model.config
[1.300s] -- Up-to-date: /mnt/c/users/dell/Desktop/lr_turtlebot_sim1/install/lr_turtlebot_sim/share/lr_turtlebot_sim//models/turtlebot3_burger_cam/model.sdf
[1.341s] -- Up-to-date: /mnt/c/users/dell/Desktop/lr_turtlebot_sim1/install/lr_turtlebot_sim/share/lr_turtlebot_sim//models/turtlebot3_common
[1.404s] -- Up-to-date: /mnt/c/users/dell/Desktop/lr_turtlebot_sim1/install/lr_turtlebot_sim/share/lr_turtlebot_sim//models/turtlebot3_common/meshes
[1.463s] -- Up-to-date: /mnt/c/users/dell/Desktop/lr_turtlebot_sim1/install/lr_turtlebot_sim/share/lr_turtlebot_sim//models/turtlebot3_common/meshes/bases
[1.534s] -- Up-to-date: /mnt/c/users/dell/Desktop/lr_turtlebot_sim1/install/lr_turtlebot_sim/share/lr_turtlebot_sim//models/turtlebot3_common/meshes/bases/burger_base.stl
[1.612s] -- Up-to-date: /mnt/c/users/dell/Desktop/lr_turtlebot_sim1/install/lr_turtlebot_sim/share/lr_turtlebot_sim//models/turtlebot3_common/meshes/bases/waffle_base.stl
[1.672s] -- Up-to-date: /mnt/c/users/dell/Desktop/lr_turtlebot_sim1/install/lr_turtlebot_sim/share/lr_turtlebot_sim//models/turtlebot3_common/meshes/bases/waffle_pi_base.stl
[1.735s] -- Up-to-date: /mnt/c/users/dell/Desktop/lr_turtlebot_sim1/install/lr_turtlebot_sim/share/lr_turtlebot_sim//models/turtlebot3_common/meshes/burger_base.dae
[1.794s] -- Up-to-date: /mnt/c/users/dell/Desktop/lr_turtlebot_sim1/install/lr_turtlebot_sim/share/lr_turtlebot_sim//models/turtlebot3_common/meshes/lds.dae
[1.855s] -- Up-to-date: /mnt/c/users/dell/Desktop/lr_turtlebot_sim1/install/lr_turtlebot_sim/share/lr_turtlebot_sim//models/turtlebot3_common/meshes/r200.dae
[1.908s] -- Up-to-date: /mnt/c/users/dell/Desktop/lr_turtlebot_sim1/install/lr_turtlebot_sim/share/lr_turtlebot_sim//models/turtlebot3_common/meshes/sensors
[1.987s] -- Up-to-date: /mnt/c/users/dell/Desktop/lr_turtlebot_sim1/install/lr_turtlebot_sim/share/lr_turtlebot_sim//models/turtlebot3_common/meshes/sensors/astra.dae
[2.061s] -- Up-to-date: /mnt/c/users/dell/Desktop/lr_turtlebot_sim1/install/lr_turtlebot_sim/share/lr_turtlebot_sim//models/turtlebot3_common/meshes/sensors/astra.jpg
[2.136s] -- Up-to-date: /mnt/c/users/dell/Desktop/lr_turtlebot_sim1/install/lr_turtlebot_sim/share/lr_turtlebot_sim//models/turtlebot3_common/meshes/sensors/lds.stl
[2.197s] -- Up-to-date: /mnt/c/users/dell/Desktop/lr_turtlebot_sim1/install/lr_turtlebot_sim/share/lr_turtlebot_sim//models/turtlebot3_common/meshes/sensors/r200.dae
[2.262s] -- Up-to-date: /mnt/c/users/dell/Desktop/lr_turtlebot_sim1/install/lr_turtlebot_sim/share/lr_turtlebot_sim//models/turtlebot3_common/meshes/sensors/r200.jpg
[2.313s] -- Up-to-date: /mnt/c/users/dell/Desktop/lr_turtlebot_sim1/install/lr_turtlebot_sim/share/lr_turtlebot_sim//models/turtlebot3_common/meshes/tire.dae
[2.362s] -- Up-to-date: /mnt/c/users/dell/Desktop/lr_turtlebot_sim1/install/lr_turtlebot_sim/share/lr_turtlebot_sim//models/turtlebot3_common/meshes/waffle_base.dae
[2.420s] -- Up-to-date: /mnt/c/users/dell/Desktop/lr_turtlebot_sim1/install/lr_turtlebot_sim/share/lr_turtlebot_sim//models/turtlebot3_common/meshes/waffle_pi_base.dae
[2.467s] -- Up-to-date: /mnt/c/users/dell/Desktop/lr_turtlebot_sim1/install/lr_turtlebot_sim/share/lr_turtlebot_sim//models/turtlebot3_common/meshes/wheels
[2.568s] -- Up-to-date: /mnt/c/users/dell/Desktop/lr_turtlebot_sim1/install/lr_turtlebot_sim/share/lr_turtlebot_sim//models/turtlebot3_common/meshes/wheels/left_tire.stl
[2.643s] -- Up-to-date: /mnt/c/users/dell/Desktop/lr_turtlebot_sim1/install/lr_turtlebot_sim/share/lr_turtlebot_sim//models/turtlebot3_common/meshes/wheels/right_tire.stl
[2.692s] -- Up-to-date: /mnt/c/users/dell/Desktop/lr_turtlebot_sim1/install/lr_turtlebot_sim/share/lr_turtlebot_sim//models/turtlebot3_common/model.config
[2.731s] -- Up-to-date: /mnt/c/users/dell/Desktop/lr_turtlebot_sim1/install/lr_turtlebot_sim/share/lr_turtlebot_sim//urdf
[2.778s] -- Up-to-date: /mnt/c/users/dell/Desktop/lr_turtlebot_sim1/install/lr_turtlebot_sim/share/lr_turtlebot_sim//urdf/common_properties.urdf
[2.820s] -- Up-to-date: /mnt/c/users/dell/Desktop/lr_turtlebot_sim1/install/lr_turtlebot_sim/share/lr_turtlebot_sim//urdf/turtlebot3_burger.urdf
[2.867s] -- Up-to-date: /mnt/c/users/dell/Desktop/lr_turtlebot_sim1/install/lr_turtlebot_sim/share/lr_turtlebot_sim//urdf/turtlebot3_burger_cam.urdf
[2.906s] -- Up-to-date: /mnt/c/users/dell/Desktop/lr_turtlebot_sim1/install/lr_turtlebot_sim/share/lr_turtlebot_sim//params
[2.959s] -- Up-to-date: /mnt/c/users/dell/Desktop/lr_turtlebot_sim1/install/lr_turtlebot_sim/share/lr_turtlebot_sim//params/burger.yaml
[3.011s] -- Up-to-date: /mnt/c/users/dell/Desktop/lr_turtlebot_sim1/install/lr_turtlebot_sim/share/lr_turtlebot_sim//params/turtlebot3_burger_bridge.yaml
[3.078s] -- Up-to-date: /mnt/c/users/dell/Desktop/lr_turtlebot_sim1/install/lr_turtlebot_sim/share/lr_turtlebot_sim//params/turtlebot3_burger_cam_bridge.yaml
[3.113s] -- Up-to-date: /mnt/c/users/dell/Desktop/lr_turtlebot_sim1/install/lr_turtlebot_sim/share/lr_turtlebot_sim//rviz
[3.166s] -- Up-to-date: /mnt/c/users/dell/Desktop/lr_turtlebot_sim1/install/lr_turtlebot_sim/share/lr_turtlebot_sim//rviz/tb3_gazebo.rviz
[3.198s] -- Up-to-date: /mnt/c/users/dell/Desktop/lr_turtlebot_sim1/install/lr_turtlebot_sim/share/lr_turtlebot_sim//scripts
[3.267s] -- Up-to-date: /mnt/c/users/dell/Desktop/lr_turtlebot_sim1/install/lr_turtlebot_sim/share/lr_turtlebot_sim//scripts/teleop_keyboard.py
[3.318s] -- Up-to-date: /mnt/c/users/dell/Desktop/lr_turtlebot_sim1/install/lr_turtlebot_sim/share/lr_turtlebot_sim//scripts/__init__.py
[3.354s] -- Up-to-date: /mnt/c/users/dell/Desktop/lr_turtlebot_sim1/install/lr_turtlebot_sim/share/lr_turtlebot_sim//worlds
[3.403s] -- Up-to-date: /mnt/c/users/dell/Desktop/lr_turtlebot_sim1/install/lr_turtlebot_sim/share/lr_turtlebot_sim//worlds/maze_1.world
[3.443s] -- Up-to-date: /mnt/c/users/dell/Desktop/lr_turtlebot_sim1/install/lr_turtlebot_sim/share/lr_turtlebot_sim//worlds/maze_2.world
[3.491s] -- Up-to-date: /mnt/c/users/dell/Desktop/lr_turtlebot_sim1/install/lr_turtlebot_sim/share/lr_turtlebot_sim//worlds/maze_3.world
[3.543s] -- Up-to-date: /mnt/c/users/dell/Desktop/lr_turtlebot_sim1/install/lr_turtlebot_sim/lib/lr_turtlebot_sim/teleop_keyboard.py
[3.610s] -- Up-to-date: /mnt/c/users/dell/Desktop/lr_turtlebot_sim1/install/lr_turtlebot_sim/share/ament_index/resource_index/package_run_dependencies/lr_turtlebot_sim
[3.683s] -- Up-to-date: /mnt/c/users/dell/Desktop/lr_turtlebot_sim1/install/lr_turtlebot_sim/share/ament_index/resource_index/parent_prefix_path/lr_turtlebot_sim
[3.715s] -- Up-to-date: /mnt/c/users/dell/Desktop/lr_turtlebot_sim1/install/lr_turtlebot_sim/share/lr_turtlebot_sim/environment/ament_prefix_path.sh
[3.766s] -- Up-to-date: /mnt/c/users/dell/Desktop/lr_turtlebot_sim1/install/lr_turtlebot_sim/share/lr_turtlebot_sim/environment/ament_prefix_path.dsv
[3.803s] -- Up-to-date: /mnt/c/users/dell/Desktop/lr_turtlebot_sim1/install/lr_turtlebot_sim/share/lr_turtlebot_sim/environment/path.sh
[3.844s] -- Up-to-date: /mnt/c/users/dell/Desktop/lr_turtlebot_sim1/install/lr_turtlebot_sim/share/lr_turtlebot_sim/environment/path.dsv
[3.891s] -- Up-to-date: /mnt/c/users/dell/Desktop/lr_turtlebot_sim1/install/lr_turtlebot_sim/share/lr_turtlebot_sim/local_setup.bash
[3.942s] -- Up-to-date: /mnt/c/users/dell/Desktop/lr_turtlebot_sim1/install/lr_turtlebot_sim/share/lr_turtlebot_sim/local_setup.sh
[3.993s] -- Up-to-date: /mnt/c/users/dell/Desktop/lr_turtlebot_sim1/install/lr_turtlebot_sim/share/lr_turtlebot_sim/local_setup.zsh
[4.031s] -- Up-to-date: /mnt/c/users/dell/Desktop/lr_turtlebot_sim1/install/lr_turtlebot_sim/share/lr_turtlebot_sim/local_setup.dsv
[4.073s] -- Installing: /mnt/c/users/dell/Desktop/lr_turtlebot_sim1/install/lr_turtlebot_sim/share/lr_turtlebot_sim/package.dsv
[4.250s] -- Up-to-date: /mnt/c/users/dell/Desktop/lr_turtlebot_sim1/install/lr_turtlebot_sim/share/ament_index/resource_index/packages/lr_turtlebot_sim
[4.307s] -- Up-to-date: /mnt/c/users/dell/Desktop/lr_turtlebot_sim1/install/lr_turtlebot_sim/share/lr_turtlebot_sim/cmake/lr_turtlebot_simConfig.cmake
[4.355s] -- Up-to-date: /mnt/c/users/dell/Desktop/lr_turtlebot_sim1/install/lr_turtlebot_sim/share/lr_turtlebot_sim/cmake/lr_turtlebot_simConfig-version.cmake
[4.404s] -- Up-to-date: /mnt/c/users/dell/Desktop/lr_turtlebot_sim1/install/lr_turtlebot_sim/share/lr_turtlebot_sim/package.xml
[4.444s] Invoked command in '/mnt/c/users/dell/Desktop/lr_turtlebot_sim1/build/lr_turtlebot_sim' returned '0': CMAKE_PREFIX_PATH=${CMAKE_PREFIX_PATH}:/opt/ros/jazzy /usr/bin/cmake --install /mnt/c/users/dell/Desktop/lr_turtlebot_sim1/build/lr_turtlebot_sim
