[0.318s] Invoking command in '/mnt/c/users/dell/Desktop/lr_turtlebot_sim1/build/lr_ppo': CMAKE_PREFIX_PATH=/mnt/c/users/dell/Desktop/lr_turtlebot_sim1/install/lr_turtlebot_sim:/mnt/c/users/dell/Desktop/lr_turtlebot_sim1/install/lr_ppo:/opt/ros/jazzy/opt/gz_sim_vendor:/opt/ros/jazzy/opt/gz_sensors_vendor:/opt/ros/jazzy/opt/gz_physics_vendor:/opt/ros/jazzy/opt/sdformat_vendor:/opt/ros/jazzy/opt/gz_gui_vendor:/opt/ros/jazzy/opt/gz_transport_vendor:/opt/ros/jazzy/opt/gz_rendering_vendor:/opt/ros/jazzy/opt/gz_plugin_vendor:/opt/ros/jazzy/opt/gz_fuel_tools_vendor:/opt/ros/jazzy/opt/gz_msgs_vendor:/opt/ros/jazzy/opt/gz_common_vendor:/opt/ros/jazzy/opt/gz_math_vendor:/opt/ros/jazzy/opt/gz_utils_vendor:/opt/ros/jazzy/opt/gz_tools_vendor:/opt/ros/jazzy/opt/gz_ogre_next_vendor:/opt/ros/jazzy/opt/gz_dartsim_vendor:/opt/ros/jazzy/opt/gz_cmake_vendor:/opt/ros/jazzy /usr/bin/cmake --build /mnt/c/users/dell/Desktop/lr_turtlebot_sim1/build/lr_ppo -- -j20 -l20
[0.906s] Built target ament_cmake_python_copy_lr_ppo
[1.592s] running egg_info
[1.610s] writing lr_ppo.egg-info/PKG-INFO
[1.617s] writing dependency_links to lr_ppo.egg-info/dependency_links.txt
[1.627s] writing top-level names to lr_ppo.egg-info/top_level.txt
[1.721s] reading manifest file 'lr_ppo.egg-info/SOURCES.txt'
[1.786s] writing manifest file 'lr_ppo.egg-info/SOURCES.txt'
[1.818s] Built target ament_cmake_python_build_lr_ppo_egg
[1.830s] Invoked command in '/mnt/c/users/dell/Desktop/lr_turtlebot_sim1/build/lr_ppo' returned '0': CMAKE_PREFIX_PATH=/mnt/c/users/dell/Desktop/lr_turtlebot_sim1/install/lr_turtlebot_sim:/mnt/c/users/dell/Desktop/lr_turtlebot_sim1/install/lr_ppo:/opt/ros/jazzy/opt/gz_sim_vendor:/opt/ros/jazzy/opt/gz_sensors_vendor:/opt/ros/jazzy/opt/gz_physics_vendor:/opt/ros/jazzy/opt/sdformat_vendor:/opt/ros/jazzy/opt/gz_gui_vendor:/opt/ros/jazzy/opt/gz_transport_vendor:/opt/ros/jazzy/opt/gz_rendering_vendor:/opt/ros/jazzy/opt/gz_plugin_vendor:/opt/ros/jazzy/opt/gz_fuel_tools_vendor:/opt/ros/jazzy/opt/gz_msgs_vendor:/opt/ros/jazzy/opt/gz_common_vendor:/opt/ros/jazzy/opt/gz_math_vendor:/opt/ros/jazzy/opt/gz_utils_vendor:/opt/ros/jazzy/opt/gz_tools_vendor:/opt/ros/jazzy/opt/gz_ogre_next_vendor:/opt/ros/jazzy/opt/gz_dartsim_vendor:/opt/ros/jazzy/opt/gz_cmake_vendor:/opt/ros/jazzy /usr/bin/cmake --build /mnt/c/users/dell/Desktop/lr_turtlebot_sim1/build/lr_ppo -- -j20 -l20
[1.871s] Invoking command in '/mnt/c/users/dell/Desktop/lr_turtlebot_sim1/build/lr_ppo': CMAKE_PREFIX_PATH=/mnt/c/users/dell/Desktop/lr_turtlebot_sim1/install/lr_turtlebot_sim:/mnt/c/users/dell/Desktop/lr_turtlebot_sim1/install/lr_ppo:/opt/ros/jazzy/opt/gz_sim_vendor:/opt/ros/jazzy/opt/gz_sensors_vendor:/opt/ros/jazzy/opt/gz_physics_vendor:/opt/ros/jazzy/opt/sdformat_vendor:/opt/ros/jazzy/opt/gz_gui_vendor:/opt/ros/jazzy/opt/gz_transport_vendor:/opt/ros/jazzy/opt/gz_rendering_vendor:/opt/ros/jazzy/opt/gz_plugin_vendor:/opt/ros/jazzy/opt/gz_fuel_tools_vendor:/opt/ros/jazzy/opt/gz_msgs_vendor:/opt/ros/jazzy/opt/gz_common_vendor:/opt/ros/jazzy/opt/gz_math_vendor:/opt/ros/jazzy/opt/gz_utils_vendor:/opt/ros/jazzy/opt/gz_tools_vendor:/opt/ros/jazzy/opt/gz_ogre_next_vendor:/opt/ros/jazzy/opt/gz_dartsim_vendor:/opt/ros/jazzy/opt/gz_cmake_vendor:/opt/ros/jazzy /usr/bin/cmake --install /mnt/c/users/dell/Desktop/lr_turtlebot_sim1/build/lr_ppo
[1.887s] -- Install configuration: ""
[1.917s] -- Up-to-date: /mnt/c/users/dell/Desktop/lr_turtlebot_sim1/install/lr_ppo/share/lr_ppo/environment/pythonpath.sh
[1.955s] -- Up-to-date: /mnt/c/users/dell/Desktop/lr_turtlebot_sim1/install/lr_ppo/share/lr_ppo/environment/pythonpath.dsv
[2.000s] -- Up-to-date: /mnt/c/users/dell/Desktop/lr_turtlebot_sim1/install/lr_ppo/lib/python3.12/site-packages/lr_ppo-1.0.0-py3.12.egg-info
[2.056s] -- Installing: /mnt/c/users/dell/Desktop/lr_turtlebot_sim1/install/lr_ppo/lib/python3.12/site-packages/lr_ppo-1.0.0-py3.12.egg-info/dependency_links.txt
[2.223s] -- Installing: /mnt/c/users/dell/Desktop/lr_turtlebot_sim1/install/lr_ppo/lib/python3.12/site-packages/lr_ppo-1.0.0-py3.12.egg-info/PKG-INFO
[2.371s] -- Installing: /mnt/c/users/dell/Desktop/lr_turtlebot_sim1/install/lr_ppo/lib/python3.12/site-packages/lr_ppo-1.0.0-py3.12.egg-info/SOURCES.txt
[2.559s] -- Installing: /mnt/c/users/dell/Desktop/lr_turtlebot_sim1/install/lr_ppo/lib/python3.12/site-packages/lr_ppo-1.0.0-py3.12.egg-info/top_level.txt
[2.733s] -- Up-to-date: /mnt/c/users/dell/Desktop/lr_turtlebot_sim1/install/lr_ppo/lib/python3.12/site-packages/lr_ppo
[2.792s] -- Up-to-date: /mnt/c/users/dell/Desktop/lr_turtlebot_sim1/install/lr_ppo/lib/python3.12/site-packages/lr_ppo/environment.py
[2.837s] -- Up-to-date: /mnt/c/users/dell/Desktop/lr_turtlebot_sim1/install/lr_ppo/lib/python3.12/site-packages/lr_ppo/networks.py
[2.881s] -- Up-to-date: /mnt/c/users/dell/Desktop/lr_turtlebot_sim1/install/lr_ppo/lib/python3.12/site-packages/lr_ppo/ppo_agent.py
[2.923s] -- Up-to-date: /mnt/c/users/dell/Desktop/lr_turtlebot_sim1/install/lr_ppo/lib/python3.12/site-packages/lr_ppo/utils.py
[2.967s] -- Up-to-date: /mnt/c/users/dell/Desktop/lr_turtlebot_sim1/install/lr_ppo/lib/python3.12/site-packages/lr_ppo/__init__.py
[3.441s] Listing '/mnt/c/users/dell/Desktop/lr_turtlebot_sim1/install/lr_ppo/lib/python3.12/site-packages/lr_ppo'...
[3.481s] -- Up-to-date: /mnt/c/users/dell/Desktop/lr_turtlebot_sim1/install/lr_ppo/lib/lr_ppo/train_rosi.py
[3.517s] -- Up-to-date: /mnt/c/users/dell/Desktop/lr_turtlebot_sim1/install/lr_ppo/lib/lr_ppo/evaluate_rosi.py
[3.557s] -- Up-to-date: /mnt/c/users/dell/Desktop/lr_turtlebot_sim1/install/lr_ppo/lib/lr_ppo/test_environment.py
[3.603s] -- Up-to-date: /mnt/c/users/dell/Desktop/lr_turtlebot_sim1/install/lr_ppo/share/lr_ppo/launch
[3.650s] -- Up-to-date: /mnt/c/users/dell/Desktop/lr_turtlebot_sim1/install/lr_ppo/share/lr_ppo/launch/evaluate.launch.py
[3.697s] -- Up-to-date: /mnt/c/users/dell/Desktop/lr_turtlebot_sim1/install/lr_ppo/share/lr_ppo/launch/train.launch.py
[3.728s] -- Up-to-date: /mnt/c/users/dell/Desktop/lr_turtlebot_sim1/install/lr_ppo/share/lr_ppo/config
[3.765s] -- Up-to-date: /mnt/c/users/dell/Desktop/lr_turtlebot_sim1/install/lr_ppo/share/lr_ppo/config/training_config.yaml
[3.796s] -- Up-to-date: /mnt/c/users/dell/Desktop/lr_turtlebot_sim1/install/lr_ppo/share/lr_ppo/models
[3.841s] -- Up-to-date: /mnt/c/users/dell/Desktop/lr_turtlebot_sim1/install/lr_ppo/share/lr_ppo/models/README.md
[3.898s] -- Up-to-date: /mnt/c/users/dell/Desktop/lr_turtlebot_sim1/install/lr_ppo/share/ament_index/resource_index/package_run_dependencies/lr_ppo
[3.959s] -- Up-to-date: /mnt/c/users/dell/Desktop/lr_turtlebot_sim1/install/lr_ppo/share/ament_index/resource_index/parent_prefix_path/lr_ppo
[3.994s] -- Up-to-date: /mnt/c/users/dell/Desktop/lr_turtlebot_sim1/install/lr_ppo/share/lr_ppo/environment/ament_prefix_path.sh
[4.029s] -- Up-to-date: /mnt/c/users/dell/Desktop/lr_turtlebot_sim1/install/lr_ppo/share/lr_ppo/environment/ament_prefix_path.dsv
[4.056s] -- Up-to-date: /mnt/c/users/dell/Desktop/lr_turtlebot_sim1/install/lr_ppo/share/lr_ppo/environment/path.sh
[4.080s] -- Up-to-date: /mnt/c/users/dell/Desktop/lr_turtlebot_sim1/install/lr_ppo/share/lr_ppo/environment/path.dsv
[4.106s] -- Up-to-date: /mnt/c/users/dell/Desktop/lr_turtlebot_sim1/install/lr_ppo/share/lr_ppo/local_setup.bash
[4.130s] -- Up-to-date: /mnt/c/users/dell/Desktop/lr_turtlebot_sim1/install/lr_ppo/share/lr_ppo/local_setup.sh
[4.150s] -- Up-to-date: /mnt/c/users/dell/Desktop/lr_turtlebot_sim1/install/lr_ppo/share/lr_ppo/local_setup.zsh
[4.176s] -- Up-to-date: /mnt/c/users/dell/Desktop/lr_turtlebot_sim1/install/lr_ppo/share/lr_ppo/local_setup.dsv
[4.205s] -- Installing: /mnt/c/users/dell/Desktop/lr_turtlebot_sim1/install/lr_ppo/share/lr_ppo/package.dsv
[4.328s] -- Up-to-date: /mnt/c/users/dell/Desktop/lr_turtlebot_sim1/install/lr_ppo/share/ament_index/resource_index/packages/lr_ppo
[4.374s] -- Up-to-date: /mnt/c/users/dell/Desktop/lr_turtlebot_sim1/install/lr_ppo/share/lr_ppo/cmake/lr_ppoConfig.cmake
[4.406s] -- Up-to-date: /mnt/c/users/dell/Desktop/lr_turtlebot_sim1/install/lr_ppo/share/lr_ppo/cmake/lr_ppoConfig-version.cmake
[4.444s] -- Up-to-date: /mnt/c/users/dell/Desktop/lr_turtlebot_sim1/install/lr_ppo/share/lr_ppo/package.xml
[4.465s] Invoked command in '/mnt/c/users/dell/Desktop/lr_turtlebot_sim1/build/lr_ppo' returned '0': CMAKE_PREFIX_PATH=/mnt/c/users/dell/Desktop/lr_turtlebot_sim1/install/lr_turtlebot_sim:/mnt/c/users/dell/Desktop/lr_turtlebot_sim1/install/lr_ppo:/opt/ros/jazzy/opt/gz_sim_vendor:/opt/ros/jazzy/opt/gz_sensors_vendor:/opt/ros/jazzy/opt/gz_physics_vendor:/opt/ros/jazzy/opt/sdformat_vendor:/opt/ros/jazzy/opt/gz_gui_vendor:/opt/ros/jazzy/opt/gz_transport_vendor:/opt/ros/jazzy/opt/gz_rendering_vendor:/opt/ros/jazzy/opt/gz_plugin_vendor:/opt/ros/jazzy/opt/gz_fuel_tools_vendor:/opt/ros/jazzy/opt/gz_msgs_vendor:/opt/ros/jazzy/opt/gz_common_vendor:/opt/ros/jazzy/opt/gz_math_vendor:/opt/ros/jazzy/opt/gz_utils_vendor:/opt/ros/jazzy/opt/gz_tools_vendor:/opt/ros/jazzy/opt/gz_ogre_next_vendor:/opt/ros/jazzy/opt/gz_dartsim_vendor:/opt/ros/jazzy/opt/gz_cmake_vendor:/opt/ros/jazzy /usr/bin/cmake --install /mnt/c/users/dell/Desktop/lr_turtlebot_sim1/build/lr_ppo
