[0.161s] Invoking command in '/mnt/c/users/dell/Desktop/lr_turtlebot_sim1/build/lr_ppo': AMENT_PREFIX_PATH=/mnt/c/users/dell/Desktop/lr_turtlebot_sim1/install/lr_turtlebot_sim:${AMENT_PREFIX_PATH} CMAKE_PREFIX_PATH=/mnt/c/users/dell/Desktop/lr_turtlebot_sim1/install/lr_turtlebot_sim:/opt/ros/jazzy/opt/gz_sim_vendor:/opt/ros/jazzy/opt/gz_sensors_vendor:/opt/ros/jazzy/opt/gz_physics_vendor:/opt/ros/jazzy/opt/sdformat_vendor:/opt/ros/jazzy/opt/gz_gui_vendor:/opt/ros/jazzy/opt/gz_transport_vendor:/opt/ros/jazzy/opt/gz_rendering_vendor:/opt/ros/jazzy/opt/gz_plugin_vendor:/opt/ros/jazzy/opt/gz_fuel_tools_vendor:/opt/ros/jazzy/opt/gz_msgs_vendor:/opt/ros/jazzy/opt/gz_common_vendor:/opt/ros/jazzy/opt/gz_math_vendor:/opt/ros/jazzy/opt/gz_utils_vendor:/opt/ros/jazzy/opt/gz_tools_vendor:/opt/ros/jazzy/opt/gz_ogre_next_vendor:/opt/ros/jazzy/opt/gz_dartsim_vendor:/opt/ros/jazzy/opt/gz_cmake_vendor:/opt/ros/jazzy /usr/bin/cmake --build /mnt/c/users/dell/Desktop/lr_turtlebot_sim1/build/lr_ppo -- -j20 -l20
[0.778s] Built target ament_cmake_python_copy_lr_ppo
[1.122s] running egg_info
[1.140s] writing lr_ppo.egg-info/PKG-INFO
[1.150s] writing dependency_links to lr_ppo.egg-info/dependency_links.txt
[1.164s] writing top-level names to lr_ppo.egg-info/top_level.txt
[1.261s] reading manifest file 'lr_ppo.egg-info/SOURCES.txt'
[1.318s] writing manifest file 'lr_ppo.egg-info/SOURCES.txt'
[1.374s] Built target ament_cmake_python_build_lr_ppo_egg
[1.389s] Invoked command in '/mnt/c/users/dell/Desktop/lr_turtlebot_sim1/build/lr_ppo' returned '0': AMENT_PREFIX_PATH=/mnt/c/users/dell/Desktop/lr_turtlebot_sim1/install/lr_turtlebot_sim:${AMENT_PREFIX_PATH} CMAKE_PREFIX_PATH=/mnt/c/users/dell/Desktop/lr_turtlebot_sim1/install/lr_turtlebot_sim:/opt/ros/jazzy/opt/gz_sim_vendor:/opt/ros/jazzy/opt/gz_sensors_vendor:/opt/ros/jazzy/opt/gz_physics_vendor:/opt/ros/jazzy/opt/sdformat_vendor:/opt/ros/jazzy/opt/gz_gui_vendor:/opt/ros/jazzy/opt/gz_transport_vendor:/opt/ros/jazzy/opt/gz_rendering_vendor:/opt/ros/jazzy/opt/gz_plugin_vendor:/opt/ros/jazzy/opt/gz_fuel_tools_vendor:/opt/ros/jazzy/opt/gz_msgs_vendor:/opt/ros/jazzy/opt/gz_common_vendor:/opt/ros/jazzy/opt/gz_math_vendor:/opt/ros/jazzy/opt/gz_utils_vendor:/opt/ros/jazzy/opt/gz_tools_vendor:/opt/ros/jazzy/opt/gz_ogre_next_vendor:/opt/ros/jazzy/opt/gz_dartsim_vendor:/opt/ros/jazzy/opt/gz_cmake_vendor:/opt/ros/jazzy /usr/bin/cmake --build /mnt/c/users/dell/Desktop/lr_turtlebot_sim1/build/lr_ppo -- -j20 -l20
[1.433s] Invoking command in '/mnt/c/users/dell/Desktop/lr_turtlebot_sim1/build/lr_ppo': AMENT_PREFIX_PATH=/mnt/c/users/dell/Desktop/lr_turtlebot_sim1/install/lr_turtlebot_sim:${AMENT_PREFIX_PATH} CMAKE_PREFIX_PATH=/mnt/c/users/dell/Desktop/lr_turtlebot_sim1/install/lr_turtlebot_sim:/opt/ros/jazzy/opt/gz_sim_vendor:/opt/ros/jazzy/opt/gz_sensors_vendor:/opt/ros/jazzy/opt/gz_physics_vendor:/opt/ros/jazzy/opt/sdformat_vendor:/opt/ros/jazzy/opt/gz_gui_vendor:/opt/ros/jazzy/opt/gz_transport_vendor:/opt/ros/jazzy/opt/gz_rendering_vendor:/opt/ros/jazzy/opt/gz_plugin_vendor:/opt/ros/jazzy/opt/gz_fuel_tools_vendor:/opt/ros/jazzy/opt/gz_msgs_vendor:/opt/ros/jazzy/opt/gz_common_vendor:/opt/ros/jazzy/opt/gz_math_vendor:/opt/ros/jazzy/opt/gz_utils_vendor:/opt/ros/jazzy/opt/gz_tools_vendor:/opt/ros/jazzy/opt/gz_ogre_next_vendor:/opt/ros/jazzy/opt/gz_dartsim_vendor:/opt/ros/jazzy/opt/gz_cmake_vendor:/opt/ros/jazzy /usr/bin/cmake --install /mnt/c/users/dell/Desktop/lr_turtlebot_sim1/build/lr_ppo
[1.450s] -- Install configuration: ""
[1.479s] -- Up-to-date: /mnt/c/users/dell/Desktop/lr_turtlebot_sim1/install/lr_ppo/share/lr_ppo/environment/pythonpath.sh
[1.517s] -- Up-to-date: /mnt/c/users/dell/Desktop/lr_turtlebot_sim1/install/lr_ppo/share/lr_ppo/environment/pythonpath.dsv
[1.555s] -- Up-to-date: /mnt/c/users/dell/Desktop/lr_turtlebot_sim1/install/lr_ppo/lib/python3.12/site-packages/lr_ppo-1.0.0-py3.12.egg-info
[1.597s] -- Installing: /mnt/c/users/dell/Desktop/lr_turtlebot_sim1/install/lr_ppo/lib/python3.12/site-packages/lr_ppo-1.0.0-py3.12.egg-info/dependency_links.txt
[1.737s] -- Installing: /mnt/c/users/dell/Desktop/lr_turtlebot_sim1/install/lr_ppo/lib/python3.12/site-packages/lr_ppo-1.0.0-py3.12.egg-info/PKG-INFO
[1.909s] -- Installing: /mnt/c/users/dell/Desktop/lr_turtlebot_sim1/install/lr_ppo/lib/python3.12/site-packages/lr_ppo-1.0.0-py3.12.egg-info/SOURCES.txt
[2.050s] -- Installing: /mnt/c/users/dell/Desktop/lr_turtlebot_sim1/install/lr_ppo/lib/python3.12/site-packages/lr_ppo-1.0.0-py3.12.egg-info/top_level.txt
[2.271s] -- Up-to-date: /mnt/c/users/dell/Desktop/lr_turtlebot_sim1/install/lr_ppo/lib/python3.12/site-packages/lr_ppo
[2.320s] -- Up-to-date: /mnt/c/users/dell/Desktop/lr_turtlebot_sim1/install/lr_ppo/lib/python3.12/site-packages/lr_ppo/environment.py
[2.356s] -- Up-to-date: /mnt/c/users/dell/Desktop/lr_turtlebot_sim1/install/lr_ppo/lib/python3.12/site-packages/lr_ppo/networks.py
[2.397s] -- Up-to-date: /mnt/c/users/dell/Desktop/lr_turtlebot_sim1/install/lr_ppo/lib/python3.12/site-packages/lr_ppo/ppo_agent.py
[2.437s] -- Up-to-date: /mnt/c/users/dell/Desktop/lr_turtlebot_sim1/install/lr_ppo/lib/python3.12/site-packages/lr_ppo/utils.py
[2.472s] -- Up-to-date: /mnt/c/users/dell/Desktop/lr_turtlebot_sim1/install/lr_ppo/lib/python3.12/site-packages/lr_ppo/__init__.py
[2.708s] Listing '/mnt/c/users/dell/Desktop/lr_turtlebot_sim1/install/lr_ppo/lib/python3.12/site-packages/lr_ppo'...
[2.742s] -- Up-to-date: /mnt/c/users/dell/Desktop/lr_turtlebot_sim1/install/lr_ppo/lib/lr_ppo/train_rosi.py
[2.769s] -- Up-to-date: /mnt/c/users/dell/Desktop/lr_turtlebot_sim1/install/lr_ppo/lib/lr_ppo/evaluate_rosi.py
[2.799s] -- Up-to-date: /mnt/c/users/dell/Desktop/lr_turtlebot_sim1/install/lr_ppo/lib/lr_ppo/test_environment.py
[2.829s] -- Up-to-date: /mnt/c/users/dell/Desktop/lr_turtlebot_sim1/install/lr_ppo/share/lr_ppo/launch
[2.877s] -- Up-to-date: /mnt/c/users/dell/Desktop/lr_turtlebot_sim1/install/lr_ppo/share/lr_ppo/launch/evaluate.launch.py
[2.915s] -- Up-to-date: /mnt/c/users/dell/Desktop/lr_turtlebot_sim1/install/lr_ppo/share/lr_ppo/launch/train.launch.py
[2.951s] -- Up-to-date: /mnt/c/users/dell/Desktop/lr_turtlebot_sim1/install/lr_ppo/share/lr_ppo/config
[3.007s] -- Up-to-date: /mnt/c/users/dell/Desktop/lr_turtlebot_sim1/install/lr_ppo/share/lr_ppo/config/training_config.yaml
[3.040s] -- Up-to-date: /mnt/c/users/dell/Desktop/lr_turtlebot_sim1/install/lr_ppo/share/lr_ppo/models
[3.095s] -- Up-to-date: /mnt/c/users/dell/Desktop/lr_turtlebot_sim1/install/lr_ppo/share/lr_ppo/models/README.md
[3.153s] -- Up-to-date: /mnt/c/users/dell/Desktop/lr_turtlebot_sim1/install/lr_ppo/share/ament_index/resource_index/package_run_dependencies/lr_ppo
[3.209s] -- Up-to-date: /mnt/c/users/dell/Desktop/lr_turtlebot_sim1/install/lr_ppo/share/ament_index/resource_index/parent_prefix_path/lr_ppo
[3.238s] -- Up-to-date: /mnt/c/users/dell/Desktop/lr_turtlebot_sim1/install/lr_ppo/share/lr_ppo/environment/ament_prefix_path.sh
[3.278s] -- Up-to-date: /mnt/c/users/dell/Desktop/lr_turtlebot_sim1/install/lr_ppo/share/lr_ppo/environment/ament_prefix_path.dsv
[3.312s] -- Up-to-date: /mnt/c/users/dell/Desktop/lr_turtlebot_sim1/install/lr_ppo/share/lr_ppo/environment/path.sh
[3.348s] -- Up-to-date: /mnt/c/users/dell/Desktop/lr_turtlebot_sim1/install/lr_ppo/share/lr_ppo/environment/path.dsv
[3.379s] -- Up-to-date: /mnt/c/users/dell/Desktop/lr_turtlebot_sim1/install/lr_ppo/share/lr_ppo/local_setup.bash
[3.407s] -- Up-to-date: /mnt/c/users/dell/Desktop/lr_turtlebot_sim1/install/lr_ppo/share/lr_ppo/local_setup.sh
[3.432s] -- Up-to-date: /mnt/c/users/dell/Desktop/lr_turtlebot_sim1/install/lr_ppo/share/lr_ppo/local_setup.zsh
[3.460s] -- Up-to-date: /mnt/c/users/dell/Desktop/lr_turtlebot_sim1/install/lr_ppo/share/lr_ppo/local_setup.dsv
[3.489s] -- Installing: /mnt/c/users/dell/Desktop/lr_turtlebot_sim1/install/lr_ppo/share/lr_ppo/package.dsv
[3.614s] -- Up-to-date: /mnt/c/users/dell/Desktop/lr_turtlebot_sim1/install/lr_ppo/share/ament_index/resource_index/packages/lr_ppo
[3.650s] -- Up-to-date: /mnt/c/users/dell/Desktop/lr_turtlebot_sim1/install/lr_ppo/share/lr_ppo/cmake/lr_ppoConfig.cmake
[3.674s] -- Up-to-date: /mnt/c/users/dell/Desktop/lr_turtlebot_sim1/install/lr_ppo/share/lr_ppo/cmake/lr_ppoConfig-version.cmake
[3.710s] -- Up-to-date: /mnt/c/users/dell/Desktop/lr_turtlebot_sim1/install/lr_ppo/share/lr_ppo/package.xml
[3.728s] Invoked command in '/mnt/c/users/dell/Desktop/lr_turtlebot_sim1/build/lr_ppo' returned '0': AMENT_PREFIX_PATH=/mnt/c/users/dell/Desktop/lr_turtlebot_sim1/install/lr_turtlebot_sim:${AMENT_PREFIX_PATH} CMAKE_PREFIX_PATH=/mnt/c/users/dell/Desktop/lr_turtlebot_sim1/install/lr_turtlebot_sim:/opt/ros/jazzy/opt/gz_sim_vendor:/opt/ros/jazzy/opt/gz_sensors_vendor:/opt/ros/jazzy/opt/gz_physics_vendor:/opt/ros/jazzy/opt/sdformat_vendor:/opt/ros/jazzy/opt/gz_gui_vendor:/opt/ros/jazzy/opt/gz_transport_vendor:/opt/ros/jazzy/opt/gz_rendering_vendor:/opt/ros/jazzy/opt/gz_plugin_vendor:/opt/ros/jazzy/opt/gz_fuel_tools_vendor:/opt/ros/jazzy/opt/gz_msgs_vendor:/opt/ros/jazzy/opt/gz_common_vendor:/opt/ros/jazzy/opt/gz_math_vendor:/opt/ros/jazzy/opt/gz_utils_vendor:/opt/ros/jazzy/opt/gz_tools_vendor:/opt/ros/jazzy/opt/gz_ogre_next_vendor:/opt/ros/jazzy/opt/gz_dartsim_vendor:/opt/ros/jazzy/opt/gz_cmake_vendor:/opt/ros/jazzy /usr/bin/cmake --install /mnt/c/users/dell/Desktop/lr_turtlebot_sim1/build/lr_ppo
