[0.119s] Invoking command in '/mnt/c/users/dell/Desktop/lr_turtlebot_sim1/build/lr_turtlebot_sim': CMAKE_PREFIX_PATH=${CMAKE_PREFIX_PATH}:/opt/ros/jazzy /usr/bin/cmake --build /mnt/c/users/dell/Desktop/lr_turtlebot_sim1/build/lr_turtlebot_sim -- -j20 -l20
[0.319s] Invoked command in '/mnt/c/users/dell/Desktop/lr_turtlebot_sim1/build/lr_turtlebot_sim' returned '0': CMAKE_PREFIX_PATH=${CMAKE_PREFIX_PATH}:/opt/ros/jazzy /usr/bin/cmake --build /mnt/c/users/dell/Desktop/lr_turtlebot_sim1/build/lr_turtlebot_sim -- -j20 -l20
[0.371s] Invoking command in '/mnt/c/users/dell/Desktop/lr_turtlebot_sim1/build/lr_turtlebot_sim': CMAKE_PREFIX_PATH=${CMAKE_PREFIX_PATH}:/opt/ros/jazzy /usr/bin/cmake --install /mnt/c/users/dell/Desktop/lr_turtlebot_sim1/build/lr_turtlebot_sim
[0.389s] -- Install configuration: ""
[0.415s] -- Up-to-date: /mnt/c/users/dell/Desktop/lr_turtlebot_sim1/install/lr_turtlebot_sim/share/lr_turtlebot_sim//launch
[0.473s] -- Up-to-date: /mnt/c/users/dell/Desktop/lr_turtlebot_sim1/install/lr_turtlebot_sim/share/lr_turtlebot_sim//launch/maze_1.launch.py
[0.508s] -- Up-to-date: /mnt/c/users/dell/Desktop/lr_turtlebot_sim1/install/lr_turtlebot_sim/share/lr_turtlebot_sim//launch/maze_2.launch.py
[0.551s] -- Up-to-date: /mnt/c/users/dell/Desktop/lr_turtlebot_sim1/install/lr_turtlebot_sim/share/lr_turtlebot_sim//launch/maze_3.launch.py
[0.590s] -- Up-to-date: /mnt/c/users/dell/Desktop/lr_turtlebot_sim1/install/lr_turtlebot_sim/share/lr_turtlebot_sim//launch/robot_state_publisher.launch.py
[0.635s] -- Up-to-date: /mnt/c/users/dell/Desktop/lr_turtlebot_sim1/install/lr_turtlebot_sim/share/lr_turtlebot_sim//launch/spawn_turtlebot3.launch.py
[0.672s] -- Up-to-date: /mnt/c/users/dell/Desktop/lr_turtlebot_sim1/install/lr_turtlebot_sim/share/lr_turtlebot_sim//launch/turtlebot_in_maze.launch.py
[0.703s] -- Up-to-date: /mnt/c/users/dell/Desktop/lr_turtlebot_sim1/install/lr_turtlebot_sim/share/lr_turtlebot_sim//models
[0.754s] -- Up-to-date: /mnt/c/users/dell/Desktop/lr_turtlebot_sim1/install/lr_turtlebot_sim/share/lr_turtlebot_sim//models/turtlebot3_burger
[0.821s] -- Up-to-date: /mnt/c/users/dell/Desktop/lr_turtlebot_sim1/install/lr_turtlebot_sim/share/lr_turtlebot_sim//models/turtlebot3_burger/model-1_4.sdf
[0.874s] -- Up-to-date: /mnt/c/users/dell/Desktop/lr_turtlebot_sim1/install/lr_turtlebot_sim/share/lr_turtlebot_sim//models/turtlebot3_burger/model.config
[0.921s] -- Installing: /mnt/c/users/dell/Desktop/lr_turtlebot_sim1/install/lr_turtlebot_sim/share/lr_turtlebot_sim//models/turtlebot3_burger/model.sdf
[1.063s] -- Up-to-date: /mnt/c/users/dell/Desktop/lr_turtlebot_sim1/install/lr_turtlebot_sim/share/lr_turtlebot_sim//models/turtlebot3_burger_cam
[1.119s] -- Up-to-date: /mnt/c/users/dell/Desktop/lr_turtlebot_sim1/install/lr_turtlebot_sim/share/lr_turtlebot_sim//models/turtlebot3_burger_cam/model-1_4.sdf
[1.165s] -- Up-to-date: /mnt/c/users/dell/Desktop/lr_turtlebot_sim1/install/lr_turtlebot_sim/share/lr_turtlebot_sim//models/turtlebot3_burger_cam/model.config
[1.211s] -- Up-to-date: /mnt/c/users/dell/Desktop/lr_turtlebot_sim1/install/lr_turtlebot_sim/share/lr_turtlebot_sim//models/turtlebot3_burger_cam/model.sdf
[1.266s] -- Up-to-date: /mnt/c/users/dell/Desktop/lr_turtlebot_sim1/install/lr_turtlebot_sim/share/lr_turtlebot_sim//models/turtlebot3_common
[1.329s] -- Up-to-date: /mnt/c/users/dell/Desktop/lr_turtlebot_sim1/install/lr_turtlebot_sim/share/lr_turtlebot_sim//models/turtlebot3_common/meshes
[1.403s] -- Up-to-date: /mnt/c/users/dell/Desktop/lr_turtlebot_sim1/install/lr_turtlebot_sim/share/lr_turtlebot_sim//models/turtlebot3_common/meshes/bases
[1.487s] -- Up-to-date: /mnt/c/users/dell/Desktop/lr_turtlebot_sim1/install/lr_turtlebot_sim/share/lr_turtlebot_sim//models/turtlebot3_common/meshes/bases/burger_base.stl
[1.546s] -- Up-to-date: /mnt/c/users/dell/Desktop/lr_turtlebot_sim1/install/lr_turtlebot_sim/share/lr_turtlebot_sim//models/turtlebot3_common/meshes/bases/waffle_base.stl
[1.596s] -- Up-to-date: /mnt/c/users/dell/Desktop/lr_turtlebot_sim1/install/lr_turtlebot_sim/share/lr_turtlebot_sim//models/turtlebot3_common/meshes/bases/waffle_pi_base.stl
[1.659s] -- Up-to-date: /mnt/c/users/dell/Desktop/lr_turtlebot_sim1/install/lr_turtlebot_sim/share/lr_turtlebot_sim//models/turtlebot3_common/meshes/burger_base.dae
[1.723s] -- Up-to-date: /mnt/c/users/dell/Desktop/lr_turtlebot_sim1/install/lr_turtlebot_sim/share/lr_turtlebot_sim//models/turtlebot3_common/meshes/lds.dae
[1.775s] -- Up-to-date: /mnt/c/users/dell/Desktop/lr_turtlebot_sim1/install/lr_turtlebot_sim/share/lr_turtlebot_sim//models/turtlebot3_common/meshes/r200.dae
[1.829s] -- Up-to-date: /mnt/c/users/dell/Desktop/lr_turtlebot_sim1/install/lr_turtlebot_sim/share/lr_turtlebot_sim//models/turtlebot3_common/meshes/sensors
[1.915s] -- Up-to-date: /mnt/c/users/dell/Desktop/lr_turtlebot_sim1/install/lr_turtlebot_sim/share/lr_turtlebot_sim//models/turtlebot3_common/meshes/sensors/astra.dae
[1.980s] -- Up-to-date: /mnt/c/users/dell/Desktop/lr_turtlebot_sim1/install/lr_turtlebot_sim/share/lr_turtlebot_sim//models/turtlebot3_common/meshes/sensors/astra.jpg
[2.039s] -- Up-to-date: /mnt/c/users/dell/Desktop/lr_turtlebot_sim1/install/lr_turtlebot_sim/share/lr_turtlebot_sim//models/turtlebot3_common/meshes/sensors/lds.stl
[2.103s] -- Up-to-date: /mnt/c/users/dell/Desktop/lr_turtlebot_sim1/install/lr_turtlebot_sim/share/lr_turtlebot_sim//models/turtlebot3_common/meshes/sensors/r200.dae
[2.164s] -- Up-to-date: /mnt/c/users/dell/Desktop/lr_turtlebot_sim1/install/lr_turtlebot_sim/share/lr_turtlebot_sim//models/turtlebot3_common/meshes/sensors/r200.jpg
[2.226s] -- Up-to-date: /mnt/c/users/dell/Desktop/lr_turtlebot_sim1/install/lr_turtlebot_sim/share/lr_turtlebot_sim//models/turtlebot3_common/meshes/tire.dae
[2.290s] -- Up-to-date: /mnt/c/users/dell/Desktop/lr_turtlebot_sim1/install/lr_turtlebot_sim/share/lr_turtlebot_sim//models/turtlebot3_common/meshes/waffle_base.dae
[2.361s] -- Up-to-date: /mnt/c/users/dell/Desktop/lr_turtlebot_sim1/install/lr_turtlebot_sim/share/lr_turtlebot_sim//models/turtlebot3_common/meshes/waffle_pi_base.dae
[2.414s] -- Up-to-date: /mnt/c/users/dell/Desktop/lr_turtlebot_sim1/install/lr_turtlebot_sim/share/lr_turtlebot_sim//models/turtlebot3_common/meshes/wheels
[2.506s] -- Up-to-date: /mnt/c/users/dell/Desktop/lr_turtlebot_sim1/install/lr_turtlebot_sim/share/lr_turtlebot_sim//models/turtlebot3_common/meshes/wheels/left_tire.stl
[2.576s] -- Up-to-date: /mnt/c/users/dell/Desktop/lr_turtlebot_sim1/install/lr_turtlebot_sim/share/lr_turtlebot_sim//models/turtlebot3_common/meshes/wheels/right_tire.stl
[2.637s] -- Up-to-date: /mnt/c/users/dell/Desktop/lr_turtlebot_sim1/install/lr_turtlebot_sim/share/lr_turtlebot_sim//models/turtlebot3_common/model.config
[2.678s] -- Up-to-date: /mnt/c/users/dell/Desktop/lr_turtlebot_sim1/install/lr_turtlebot_sim/share/lr_turtlebot_sim//urdf
[2.730s] -- Up-to-date: /mnt/c/users/dell/Desktop/lr_turtlebot_sim1/install/lr_turtlebot_sim/share/lr_turtlebot_sim//urdf/common_properties.urdf
[2.770s] -- Up-to-date: /mnt/c/users/dell/Desktop/lr_turtlebot_sim1/install/lr_turtlebot_sim/share/lr_turtlebot_sim//urdf/turtlebot3_burger.urdf
[2.810s] -- Up-to-date: /mnt/c/users/dell/Desktop/lr_turtlebot_sim1/install/lr_turtlebot_sim/share/lr_turtlebot_sim//urdf/turtlebot3_burger_cam.urdf
[2.851s] -- Up-to-date: /mnt/c/users/dell/Desktop/lr_turtlebot_sim1/install/lr_turtlebot_sim/share/lr_turtlebot_sim//params
[2.908s] -- Up-to-date: /mnt/c/users/dell/Desktop/lr_turtlebot_sim1/install/lr_turtlebot_sim/share/lr_turtlebot_sim//params/burger.yaml
[2.954s] -- Up-to-date: /mnt/c/users/dell/Desktop/lr_turtlebot_sim1/install/lr_turtlebot_sim/share/lr_turtlebot_sim//params/turtlebot3_burger_bridge.yaml
[2.990s] -- Up-to-date: /mnt/c/users/dell/Desktop/lr_turtlebot_sim1/install/lr_turtlebot_sim/share/lr_turtlebot_sim//params/turtlebot3_burger_cam_bridge.yaml
[3.025s] -- Up-to-date: /mnt/c/users/dell/Desktop/lr_turtlebot_sim1/install/lr_turtlebot_sim/share/lr_turtlebot_sim//rviz
[3.078s] -- Up-to-date: /mnt/c/users/dell/Desktop/lr_turtlebot_sim1/install/lr_turtlebot_sim/share/lr_turtlebot_sim//rviz/tb3_gazebo.rviz
[3.113s] -- Up-to-date: /mnt/c/users/dell/Desktop/lr_turtlebot_sim1/install/lr_turtlebot_sim/share/lr_turtlebot_sim//scripts
[3.168s] -- Up-to-date: /mnt/c/users/dell/Desktop/lr_turtlebot_sim1/install/lr_turtlebot_sim/share/lr_turtlebot_sim//scripts/teleop_keyboard.py
[3.205s] -- Up-to-date: /mnt/c/users/dell/Desktop/lr_turtlebot_sim1/install/lr_turtlebot_sim/share/lr_turtlebot_sim//scripts/__init__.py
[3.242s] -- Up-to-date: /mnt/c/users/dell/Desktop/lr_turtlebot_sim1/install/lr_turtlebot_sim/share/lr_turtlebot_sim//worlds
[3.301s] -- Up-to-date: /mnt/c/users/dell/Desktop/lr_turtlebot_sim1/install/lr_turtlebot_sim/share/lr_turtlebot_sim//worlds/maze_1.world
[3.346s] -- Up-to-date: /mnt/c/users/dell/Desktop/lr_turtlebot_sim1/install/lr_turtlebot_sim/share/lr_turtlebot_sim//worlds/maze_2.world
[3.390s] -- Up-to-date: /mnt/c/users/dell/Desktop/lr_turtlebot_sim1/install/lr_turtlebot_sim/share/lr_turtlebot_sim//worlds/maze_3.world
[3.436s] -- Up-to-date: /mnt/c/users/dell/Desktop/lr_turtlebot_sim1/install/lr_turtlebot_sim/lib/lr_turtlebot_sim/teleop_keyboard.py
[3.509s] -- Up-to-date: /mnt/c/users/dell/Desktop/lr_turtlebot_sim1/install/lr_turtlebot_sim/share/ament_index/resource_index/package_run_dependencies/lr_turtlebot_sim
[3.579s] -- Up-to-date: /mnt/c/users/dell/Desktop/lr_turtlebot_sim1/install/lr_turtlebot_sim/share/ament_index/resource_index/parent_prefix_path/lr_turtlebot_sim
[3.617s] -- Up-to-date: /mnt/c/users/dell/Desktop/lr_turtlebot_sim1/install/lr_turtlebot_sim/share/lr_turtlebot_sim/environment/ament_prefix_path.sh
[3.669s] -- Up-to-date: /mnt/c/users/dell/Desktop/lr_turtlebot_sim1/install/lr_turtlebot_sim/share/lr_turtlebot_sim/environment/ament_prefix_path.dsv
[3.709s] -- Up-to-date: /mnt/c/users/dell/Desktop/lr_turtlebot_sim1/install/lr_turtlebot_sim/share/lr_turtlebot_sim/environment/path.sh
[3.771s] -- Up-to-date: /mnt/c/users/dell/Desktop/lr_turtlebot_sim1/install/lr_turtlebot_sim/share/lr_turtlebot_sim/environment/path.dsv
[3.820s] -- Up-to-date: /mnt/c/users/dell/Desktop/lr_turtlebot_sim1/install/lr_turtlebot_sim/share/lr_turtlebot_sim/local_setup.bash
[3.864s] -- Up-to-date: /mnt/c/users/dell/Desktop/lr_turtlebot_sim1/install/lr_turtlebot_sim/share/lr_turtlebot_sim/local_setup.sh
[3.914s] -- Up-to-date: /mnt/c/users/dell/Desktop/lr_turtlebot_sim1/install/lr_turtlebot_sim/share/lr_turtlebot_sim/local_setup.zsh
[3.961s] -- Up-to-date: /mnt/c/users/dell/Desktop/lr_turtlebot_sim1/install/lr_turtlebot_sim/share/lr_turtlebot_sim/local_setup.dsv
[4.007s] -- Installing: /mnt/c/users/dell/Desktop/lr_turtlebot_sim1/install/lr_turtlebot_sim/share/lr_turtlebot_sim/package.dsv
[4.179s] -- Up-to-date: /mnt/c/users/dell/Desktop/lr_turtlebot_sim1/install/lr_turtlebot_sim/share/ament_index/resource_index/packages/lr_turtlebot_sim
[4.232s] -- Up-to-date: /mnt/c/users/dell/Desktop/lr_turtlebot_sim1/install/lr_turtlebot_sim/share/lr_turtlebot_sim/cmake/lr_turtlebot_simConfig.cmake
[4.272s] -- Up-to-date: /mnt/c/users/dell/Desktop/lr_turtlebot_sim1/install/lr_turtlebot_sim/share/lr_turtlebot_sim/cmake/lr_turtlebot_simConfig-version.cmake
[4.316s] -- Up-to-date: /mnt/c/users/dell/Desktop/lr_turtlebot_sim1/install/lr_turtlebot_sim/share/lr_turtlebot_sim/package.xml
[4.336s] Invoked command in '/mnt/c/users/dell/Desktop/lr_turtlebot_sim1/build/lr_turtlebot_sim' returned '0': CMAKE_PREFIX_PATH=${CMAKE_PREFIX_PATH}:/opt/ros/jazzy /usr/bin/cmake --install /mnt/c/users/dell/Desktop/lr_turtlebot_sim1/build/lr_turtlebot_sim
